13 23 25 1 11 3 10 29 21 18 15 20 12 30 6 22 28 24 9 26 4 8 14 19 17 27 7 2 16 5 
8 3 25 10 4 6 23 5 7 28 15 30 14 12 1 16 13 9 22 11 18 20 2 29 19 26 17 27 21 24 
8 6 15 21 30 16 12 28 9 29 14 25 13 4 17 2 20 27 23 26 19 5 1 22 18 11 7 24 10 3 
25 19 10 8 2 4 26 17 1 12 13 20 28 5 23 22 3 16 29 11 24 9 18 30 7 6 27 14 21 15 
16 26 2 1 11 8 29 27 18 25 6 19 4 10 5 21 22 30 3 15 24 14 12 28 9 23 20 17 7 13 
15 25 30 2 1 24 9 29 18 12 11 14 21 16 27 6 8 28 26 7 20 4 10 22 3 23 17 13 5 19 
8 2 25 15 3 5 13 4 7 24 29 1 16 19 22 30 9 18 28 23 17 21 6 20 14 26 10 12 11 27 
1 12 9 19 22 2 20 28 17 6 10 15 16 26 24 5 11 29 7 14 13 25 30 8 4 21 23 18 27 3 
6 29 22 4 5 10 27 30 28 2 16 14 19 25 17 24 9 7 18 3 23 11 13 26 21 12 8 15 20 1 
19 6 1 8 9 27 15 13 25 14 17 23 30 5 22 16 29 26 11 18 28 3 12 4 20 21 10 7 2 24 
4 2 20 1 14 6 13 5 8 25 16 22 3 21 18 7 27 28 26 17 10 9 24 12 11 30 23 19 29 15 
11 8 14 22 13 2 26 15 12 10 3 30 24 19 16 23 5 21 28 1 17 29 7 4 9 18 27 25 6 20 
21 22 15 19 29 27 5 8 13 25 4 9 20 6 28 1 26 23 24 30 3 18 11 7 16 10 17 12 2 14 
15 7 29 6 9 11 14 8 19 22 2 24 3 17 27 25 18 20 26 30 12 21 28 1 13 16 5 4 10 23 
9 24 12 25 13 2 28 3 10 8 27 21 18 4 11 22 5 26 29 30 19 23 16 14 6 1 17 15 7 20 
27 10 8 5 16 28 19 23 21 25 2 9 30 12 11 14 7 1 18 3 26 6 4 20 22 13 15 24 17 29 
28 9 1 27 19 13 18 30 8 6 16 25 29 15 5 14 7 12 4 24 17 2 21 3 10 20 22 23 26 11 
23 14 8 10 18 3 13 2 25 16 1 5 6 22 7 29 12 27 20 21 19 15 4 24 17 30 11 26 9 28 
5 4 23 2 19 22 20 10 14 18 17 24 28 29 8 26 25 9 21 1 30 3 6 27 13 16 11 7 12 15 
11 23 16 17 15 30 10 9 4 3 13 26 7 29 21 2 5 12 28 19 27 8 25 18 22 1 14 6 24 20 
17 29 23 15 12 28 21 9 30 14 3 16 11 18 26 7 4 5 8 24 19 25 6 20 27 10 22 1 13 2 
29 2 17 18 27 7 5 6 24 25 4 30 3 14 20 28 1 23 15 26 19 13 8 16 21 9 22 11 12 10 
3 4 21 22 25 8 5 30 19 23 13 12 9 24 20 28 10 17 1 16 26 11 15 29 6 7 18 2 27 14 
5 12 18 2 1 25 15 13 24 29 16 10 7 8 11 27 30 19 28 21 3 22 20 14 26 9 4 17 23 6 
15 18 14 9 11 30 26 23 21 28 4 29 17 22 24 2 5 7 12 13 8 19 20 10 16 6 25 27 1 3 
4 9 29 23 14 17 3 19 16 1 13 12 11 22 21 2 24 30 25 26 27 8 5 7 18 10 28 6 15 20 
30 7 27 15 6 18 5 9 10 21 3 28 2 19 26 17 13 11 22 8 14 16 12 23 25 20 24 1 29 4 
25 13 1 7 17 26 27 23 9 18 4 19 29 28 10 5 21 16 12 8 3 2 15 22 20 14 30 6 24 11 
13 14 29 12 9 3 26 20 5 21 4 22 18 23 28 6 24 19 10 16 27 17 30 15 11 1 25 7 2 8 
18 12 28 9 25 10 23 11 27 26 29 20 3 17 4 30 19 8 14 22 2 1 15 13 21 16 24 7 6 5 
19 12 20 10 5 27 11 13 9 7 17 29 15 30 18 28 23 21 22 6 16 25 1 26 14 8 4 24 3 2 
28 12 17 30 7 25 18 24 22 26 16 8 14 9 21 19 23 5 3 15 4 27 11 20 1 6 2 29 10 13 
6 29 17 1 12 23 5 13 4 19 27 21 2 11 26 16 25 30 14 15 10 20 8 9 18 3 7 28 22 24 
13 4 24 9 1 10 6 16 8 30 19 27 12 3 22 14 5 18 2 29 25 7 17 15 21 28 20 26 11 23 
9 29 21 1 27 7 12 19 4 24 8 14 18 13 2 5 22 23 3 20 16 10 30 28 6 15 26 17 25 11 
2 30 12 7 19 16 24 15 22 25 1 4 10 14 23 6 21 11 13 3 28 9 18 27 17 5 26 29 20 8 
18 6 22 30 16 27 25 3 11 15 24 20 23 5 28 4 26 29 1 10 19 8 21 17 14 12 13 7 9 2 
5 29 11 14 2 16 7 10 30 13 19 8 20 18 12 21 6 23 22 24 26 27 4 9 15 17 1 25 28 3 
26 1 15 18 4 16 2 12 27 30 17 10 23 25 20 6 5 13 22 9 24 14 28 19 11 8 3 7 29 21 
28 5 11 12 8 19 1 7 17 14 24 27 3 26 13 25 18 22 30 10 4 9 16 15 21 29 2 6 23 20 
9 28 24 30 25 19 2 4 16 1 26 8 22 11 21 6 14 27 12 17 15 13 20 23 29 18 10 7 3 5 
17 8 19 27 14 13 21 20 5 2 28 26 4 12 10 23 7 6 29 15 22 18 9 24 16 3 25 1 30 11 
3 21 13 1 20 22 7 6 25 11 24 2 29 12 8 15 4 5 26 27 9 28 19 16 17 23 14 30 18 10 
25 9 22 19 10 27 6 7 12 29 2 13 5 17 30 18 14 3 1 15 28 11 8 20 4 21 24 16 23 26 
10 5 17 27 13 20 3 6 30 11 1 8 24 16 18 14 9 19 4 12 21 2 7 15 29 22 28 25 23 26 
12 16 9 6 21 1 15 7 8 26 27 20 11 23 14 3 10 24 22 18 29 4 2 17 5 28 30 13 25 19 
23 30 24 18 29 15 20 6 5 26 10 22 9 19 14 4 3 27 13 21 7 1 8 28 12 16 25 17 2 11 
30 5 17 14 27 7 19 9 25 6 10 2 28 12 4 18 8 15 24 11 21 1 22 23 20 26 13 16 3 29 
18 11 23 17 7 15 12 14 19 16 26 27 6 25 22 24 8 28 21 1 13 10 3 4 29 20 5 2 9 30 
19 13 11 9 24 30 3 4 29 12 14 22 7 27 16 6 1 21 10 17 18 5 23 28 20 2 8 15 25 26 
13 27 28 15 5 21 2 30 29 23 24 4 16 11 20 8 6 25 18 9 26 22 3 17 7 14 19 1 10 12 
14 13 21 5 29 18 1 10 26 24 22 6 11 9 8 19 20 3 12 15 2 23 25 4 17 30 28 16 7 27 
28 13 27 22 17 16 4 24 7 26 20 11 3 8 9 19 5 14 29 18 2 25 1 10 21 23 12 15 30 6 
5 26 29 14 30 4 21 17 11 28 19 12 7 6 25 3 27 8 13 2 9 20 16 15 24 22 18 10 1 23 
19 1 9 22 15 8 2 30 4 25 27 10 13 7 24 11 16 18 26 20 6 29 12 17 5 23 3 14 28 21 
27 23 22 5 12 9 10 21 7 1 15 29 14 3 2 6 8 13 16 4 19 25 20 30 18 24 17 11 28 26 
8 21 19 2 23 22 7 14 12 26 27 16 11 28 30 3 10 9 17 18 4 25 1 29 24 5 13 20 6 15 
2 19 13 12 18 16 29 11 6 23 7 15 21 25 3 4 27 9 5 1 24 20 30 8 22 26 28 10 14 17 
26 21 14 16 30 9 7 17 11 10 6 8 4 22 3 20 25 12 2 18 13 24 1 27 5 28 15 19 29 23 
21 27 13 8 9 4 19 6 7 23 25 2 18 26 5 15 24 3 16 20 22 17 28 11 10 12 29 30 1 14 
13 12 28 29 11 10 1 3 23 14 9 26 7 15 21 5 18 4 17 8 2 20 19 25 30 16 27 22 6 24 
28 6 1 3 2 10 12 24 18 22 20 30 7 21 16 8 19 9 15 4 14 23 26 17 13 11 27 25 5 29 
5 11 18 27 14 26 10 4 17 13 16 29 20 3 8 19 9 21 24 12 1 6 7 28 22 30 2 15 23 25 
6 25 1 2 30 28 13 24 20 7 8 10 4 16 5 18 26 12 23 19 15 21 17 29 11 14 22 9 27 3 
6 21 23 22 9 30 28 14 26 29 25 2 10 11 27 15 16 1 17 4 18 3 5 12 13 7 24 19 8 20 
25 29 18 13 11 22 3 4 30 6 7 23 24 15 19 21 14 1 28 2 10 17 5 26 9 12 8 27 16 20 
24 22 12 18 15 13 21 6 11 14 9 16 10 7 23 30 29 26 25 2 8 28 20 27 5 3 17 1 4 19 
10 4 24 18 30 28 22 20 29 25 8 5 26 23 12 3 6 21 7 1 2 16 17 27 15 9 11 13 19 14 
6 20 30 27 11 3 18 29 25 2 10 22 4 1 5 12 14 24 21 7 28 13 23 16 19 26 8 17 15 9 
10 29 27 19 3 6 23 2 5 21 8 4 15 22 30 11 14 20 16 9 7 12 13 18 26 17 25 1 28 24 
18 16 7 9 6 17 23 5 30 8 10 19 2 26 29 24 1 20 22 28 12 13 25 15 11 4 21 27 14 3 
28 18 30 4 5 19 12 9 10 6 23 1 26 2 3 8 20 27 11 13 16 14 15 21 7 25 24 29 17 22 
23 4 8 22 2 19 12 10 7 24 28 26 6 1 29 14 17 13 30 20 16 25 3 21 5 18 11 15 27 9 
18 16 14 17 13 8 4 27 5 22 7 24 2 3 15 9 11 30 12 10 25 26 23 6 21 29 28 20 19 1 
15 5 21 11 23 30 4 29 26 10 20 2 1 25 12 28 18 16 24 9 3 14 8 22 7 19 17 6 27 13 
13 27 20 5 15 26 11 16 3 2 21 25 17 19 14 6 12 9 8 10 1 22 7 29 28 4 30 23 24 18 
25 15 1 16 12 18 6 11 19 27 2 9 26 14 3 8 13 24 30 21 29 28 7 20 22 4 23 5 17 10 
10 2 29 25 24 19 4 15 14 3 12 18 6 1 26 30 20 28 5 7 27 9 16 22 11 8 17 21 23 13 
26 11 4 21 2 14 9 30 25 24 19 28 17 3 12 13 6 23 29 5 20 27 16 8 18 22 15 1 7 10 
17 14 21 20 25 10 5 9 7 16 22 3 26 19 30 24 6 4 8 1 11 12 13 27 23 28 2 18 15 29 
23 4 25 13 24 5 18 27 10 16 29 14 8 30 3 12 11 22 17 19 2 20 26 6 7 21 9 15 1 28 
25 9 6 1 14 30 18 22 11 29 13 8 15 4 21 7 19 3 10 12 20 16 5 24 26 28 17 27 2 23 
9 2 26 13 14 16 12 30 3 20 10 8 7 11 21 19 25 27 28 24 4 15 6 18 29 17 23 1 22 5 
30 6 3 18 26 4 25 15 14 13 22 7 2 28 9 24 23 10 29 12 19 1 20 16 5 17 8 11 27 21 
20 21 22 23 4 30 18 10 8 24 25 19 2 5 29 27 28 26 1 17 3 14 6 12 9 15 13 16 7 11 
24 13 2 23 11 22 8 6 28 15 9 25 19 18 1 16 4 17 26 29 10 21 3 5 12 14 27 30 7 20 
12 21 6 27 1 18 11 15 24 19 4 28 10 16 30 20 25 7 29 14 23 26 17 2 8 13 22 3 9 5 
20 4 9 13 12 23 26 1 11 14 19 6 16 18 10 5 30 25 29 22 17 7 15 3 24 8 28 21 27 2 
22 18 15 19 20 16 12 6 17 3 27 23 25 30 9 1 28 7 14 24 8 26 13 21 2 29 10 11 5 4 
27 20 4 15 19 3 23 5 13 8 30 6 11 18 14 29 9 16 26 25 28 7 22 12 2 17 21 24 10 1 
29 13 25 23 11 16 28 21 15 24 14 6 2 5 26 9 17 10 12 20 7 22 4 3 30 1 18 8 19 27 
14 28 16 4 15 27 10 18 6 17 7 23 12 19 21 2 9 20 30 3 25 22 11 13 26 8 29 1 24 5 
8 18 5 13 17 24 9 27 30 26 29 2 7 20 21 19 10 28 25 22 3 1 11 14 23 16 6 12 15 4 
1 25 21 18 17 9 8 14 29 7 13 19 4 27 12 20 2 15 6 10 16 22 3 11 28 23 24 30 5 26 
24 5 3 25 7 15 14 27 19 10 4 20 23 13 26 8 16 28 22 2 6 17 12 9 18 29 21 30 1 11 
1 26 8 23 25 2 7 6 29 3 5 10 17 11 30 4 18 14 27 24 28 19 21 15 22 9 12 20 16 13 
30 20 18 17 29 28 10 16 21 23 4 3 7 24 14 25 22 9 1 8 11 13 5 12 19 27 15 6 26 2 
16 8 2 13 23 17 10 1 18 4 12 9 20 27 29 5 22 21 11 24 30 15 7 26 6 3 19 28 25 14 
18 19 1 8 23 20 28 29 7 16 26 4 6 25 9 2 12 5 14 10 3 15 24 30 21 22 27 11 17 13 
11 12 21 17 1 6 22 25 28 3 16 13 27 10 7 4 14 23 24 26 29 18 2 30 20 5 15 9 19 8 
