51
1 3 2 2
5 7 2 2
9 11 2 2
14 15 2 2
17 18 2 2
2 2 3 6
4 4 3 5
7 7 3 6
10 10 3 6
15 15 3 3
18 18 3 3
14 14 4 4
17 17 4 4
1 1 6 6
3 3 6 6
5 6 6 6
9 9 6 6
11 11 6 6
1 3 8 8
5 7 8 8
9 11 8 8
13 15 8 8
3 3 9 10
5 5 9 12
7 7 9 12
9 9 9 12
11 11 9 11
15 15 9 9
1 2 10 10
14 14 10 10
1 1 11 12
13 13 11 12
2 3 12 12
6 6 12 12
10 10 12 12
14 15 12 12
1 1 14 18
3 3 14 18
5 7 14 14
9 9 14 18
13 13 14 18
18 18 14 14
5 5 15 18
17 17 15 17
19 19 15 17
2 2 16 16
6 7 16 16
6 7 18 18
10 11 18 18
14 15 18 18
18 18 18 18
