74
15 24 3 5
27 36 3 5
3 4 6 9
7 7 6 12
25 26 6 6
35 36 6 21
8 24 7 8
27 33 7 8
8 17 9 12
25 26 9 14
31 33 9 16
5 6 10 12
5 5 13 14
18 21 13 13
18 18 14 15
22 22 14 16
37 39 14 28
3 4 15 15
6 6 15 15
25 25 15 16
27 30 15 16
2 2 16 16
5 5 16 17
7 17 16 16
19 19 16 22
6 6 17 17
15 17 17 22
23 24 17 18
26 26 17 18
34 34 17 21
3 4 18 28
5 8 19 23
20 22 19 20
25 25 19 20
27 30 19 20
20 21 21 22
23 24 21 22
26 26 21 23
31 33 21 21
27 30 22 23
18 18 23 23
22 22 23 23
5 7 24 26
9 17 24 28
19 21 24 26
23 25 24 27
31 33 24 34
5 5 27 28
8 8 27 28
18 18 27 27
19 22 28 28
26 30 28 34
2 2 29 37
6 7 29 36
9 12 29 35
16 17 29 31
20 22 29 31
25 25 29 34
35 36 29 34
13 15 32 35
18 19 32 35
22 23 32 38
37 39 32 34
24 24 35 37
34 34 35 37
16 17 36 37
20 21 36 38
33 33 36 37
3 4 37 40
9 15 38 40
18 19 38 38
5 8 39 40
24 30 39 39
24 25 40 40
