678
19 38 1 1
57 74 1 1
19 28 2 3
33 38 2 3
51 54 2 3
57 61 2 3
75 95 2 3
18 18 4 4
29 32 4 4
47 50 4 4
55 56 4 4
61 61 4 4
69 74 4 4
77 95 4 7
14 17 5 9
19 28 5 7
33 46 5 5
51 54 5 5
57 60 5 5
62 68 5 7
72 74 5 7
33 38 6 6
47 50 6 6
55 56 6 7
33 36 7 7
39 46 7 7
51 51 7 7
19 24 8 8
29 32 8 8
37 38 8 8
47 50 8 8
52 54 8 8
57 61 8 8
69 71 8 8
75 76 8 8
91 95 8 8
4 8 9 9
19 21 9 9
25 28 9 10
33 36 9 10
42 46 9 11
51 51 9 9
55 56 9 9
62 68 9 9
72 74 9 9
77 86 9 9
92 95 9 13
1 3 10 30
9 13 10 10
18 18 10 15
20 21 10 15
47 50 10 11
52 54 10 10
57 61 10 10
69 71 10 10
75 76 10 10
78 86 10 10
7 8 11 18
14 17 11 15
29 32 11 12
55 56 11 11
61 61 11 11
64 68 11 13
72 74 11 13
77 77 11 13
87 90 11 11
39 41 12 12
51 54 12 12
57 60 12 12
62 62 12 12
84 86 12 13
89 90 12 13
28 28 13 15
33 38 13 16
42 50 13 16
55 56 13 13
61 61 13 13
54 54 14 16
57 60 14 16
62 63 14 19
69 71 14 15
75 76 14 15
78 83 14 15
87 88 14 18
91 91 14 33
96 100 14 25
14 16 16 18
19 19 16 18
22 24 16 18
29 29 16 18
69 70 16 16
72 74 16 16
77 77 16 19
81 83 16 16
33 33 17 18
39 41 17 17
51 53 17 17
55 56 17 17
67 68 17 19
71 71 17 19
73 74 17 19
84 85 17 18
34 38 18 18
42 50 18 18
54 54 18 20
7 7 19 20
9 13 19 20
17 18 19 22
20 21 19 20
25 28 19 20
30 32 19 20
37 38 19 22
42 49 19 20
51 51 19 21
86 86 19 25
64 66 20 23
69 70 20 20
72 72 20 20
75 76 20 20
78 80 20 20
4 6 21 22
8 8 21 22
13 13 21 22
19 19 21 21
22 24 21 21
29 29 21 21
31 32 21 21
39 41 21 21
45 49 21 21
55 61 21 21
71 71 21 24
73 74 21 24
77 77 21 24
80 80 21 24
20 21 22 22
25 28 22 25
30 30 22 26
33 33 22 22
42 44 22 22
50 50 22 23
52 54 22 23
61 61 22 23
7 7 23 30
9 12 23 28
14 16 23 25
19 19 23 24
22 23 23 25
32 32 23 26
34 36 23 26
39 41 23 23
43 44 23 23
47 47 23 23
39 40 24 25
42 42 24 25
45 46 24 25
48 49 24 24
51 51 24 24
55 60 24 24
62 63 24 26
67 70 24 28
17 18 25 25
20 21 25 25
48 48 25 25
50 50 25 26
52 54 25 26
61 61 25 26
72 72 25 27
75 76 25 27
78 79 25 26
14 14 26 27
19 19 26 28
24 24 26 28
29 29 26 26
41 41 26 26
43 44 26 26
47 47 26 26
49 49 26 26
81 85 26 26
87 89 26 33
93 95 26 33
100 100 26 65
26 28 27 28
31 31 27 27
33 33 27 27
37 40 27 27
42 42 27 27
45 46 27 29
48 48 27 27
51 51 27 28
55 60 27 28
64 65 27 28
77 77 27 27
80 80 27 27
82 85 27 27
15 15 28 28
29 30 28 28
32 32 28 28
34 36 28 28
39 40 28 28
43 44 28 29
49 49 28 29
73 74 28 28
78 79 28 32
81 81 28 32
86 86 28 32
9 10 29 30
13 14 29 29
16 18 29 29
20 23 29 29
25 25 29 29
31 31 29 36
33 33 29 29
37 38 29 29
40 40 29 29
50 50 29 29
52 53 29 33
55 59 29 33
61 63 29 33
66 66 29 34
71 72 29 34
75 77 29 32
11 12 30 30
15 15 30 32
19 19 30 32
24 24 30 32
26 28 30 32
34 36 30 36
39 39 30 33
41 42 30 32
47 48 30 33
4 6 31 32
8 8 31 32
13 14 31 32
1 3 33 41
7 7 33 41
9 12 33 41
16 18 33 41
20 23 33 41
25 25 33 47
40 40 33 33
43 43 33 33
75 76 33 33
80 80 33 33
82 85 33 33
41 42 34 34
44 46 34 34
49 51 34 34
54 54 34 34
60 60 34 35
63 63 34 35
75 75 34 34
77 79 34 34
81 81 34 34
86 86 34 34
90 90 34 34
92 92 34 34
96 97 34 34
43 43 35 35
47 48 35 35
50 50 35 35
52 53 35 35
65 65 35 37
67 70 35 37
73 74 35 36
76 76 35 36
80 80 35 35
82 85 35 35
87 89 35 38
91 91 35 41
93 95 35 35
98 99 35 35
42 42 36 38
44 46 36 38
49 49 36 38
51 51 36 38
54 59 36 38
61 62 36 39
79 79 36 36
81 81 36 36
83 85 36 36
93 93 36 41
96 97 36 52
26 30 37 38
32 33 37 38
37 41 37 38
75 75 37 39
77 78 37 39
80 80 37 39
82 82 37 38
84 85 37 38
66 66 38 38
70 70 38 38
31 31 39 46
34 36 39 42
43 43 39 41
47 48 39 39
50 50 39 39
52 53 39 39
56 59 39 39
67 69 39 39
71 72 39 39
81 81 39 39
83 83 39 39
86 86 39 39
46 46 40 41
49 49 40 41
51 51 40 41
54 55 40 41
60 60 40 43
67 68 40 43
70 70 40 43
73 74 40 44
76 76 40 44
79 79 40 46
82 82 40 48
84 85 40 43
4 6 42 48
8 8 42 43
13 15 42 47
19 21 42 43
23 23 42 47
42 42 42 42
44 45 42 42
47 48 42 43
50 50 42 43
52 53 42 43
90 90 42 55
92 92 42 55
94 95 42 55
32 33 43 46
37 41 43 43
43 43 43 43
46 46 43 43
7 7 44 47
9 10 44 47
16 18 44 47
37 37 44 46
42 42 44 46
44 45 44 46
49 49 44 46
51 51 44 46
54 59 44 44
61 66 44 44
69 69 44 44
71 72 44 44
83 83 44 48
86 89 44 48
60 60 45 46
67 68 45 46
70 70 45 46
75 75 45 46
28 30 47 47
34 36 47 47
38 41 47 47
43 43 47 47
46 48 47 47
50 50 47 47
52 59 47 47
61 66 47 50
69 69 47 48
71 74 47 48
76 78 47 48
80 80 47 48
8 8 48 48
11 12 48 54
19 22 48 48
24 24 48 54
26 27 48 54
31 33 48 50
37 37 48 50
42 42 48 50
44 45 48 50
49 49 48 50
51 51 48 50
60 60 48 50
1 3 49 97
7 7 49 54
9 10 49 54
15 18 49 54
22 22 49 54
70 70 49 52
75 75 49 52
79 79 49 52
81 81 49 52
84 85 49 55
28 30 51 51
34 36 51 51
38 41 51 53
43 43 51 53
46 48 51 52
50 50 51 52
52 59 51 52
63 66 51 52
31 33 52 54
36 36 52 54
45 45 53 53
49 49 53 53
51 51 53 53
60 62 53 53
67 69 53 56
76 78 53 56
80 80 53 57
82 83 53 57
98 99 53 62
38 38 54 54
42 42 54 60
44 44 54 55
46 48 54 54
50 50 54 54
52 59 54 54
61 62 54 56
4 6 55 60
8 8 55 60
13 14 55 57
19 21 55 57
23 23 55 57
25 25 55 56
28 30 55 55
34 35 55 55
37 37 55 56
45 45 55 55
49 49 55 55
51 51 55 55
54 59 55 55
27 27 56 56
31 32 56 56
36 36 56 56
46 48 56 57
50 50 56 56
52 53 56 56
57 59 56 56
64 64 56 56
86 89 56 57
91 91 56 57
93 93 56 59
26 26 57 57
28 30 57 57
33 35 57 62
38 39 57 60
51 51 57 62
54 56 57 62
60 60 57 61
63 63 57 60
65 66 57 57
70 75 57 57
77 78 57 57
9 12 58 60
15 18 58 60
22 22 58 60
24 25 58 62
27 27 58 62
31 32 58 62
45 45 58 60
49 49 58 62
67 69 58 60
76 76 58 59
79 79 58 59
81 81 58 59
84 85 58 59
90 90 58 59
77 78 60 62
80 80 60 62
82 83 60 62
86 89 60 65
91 92 60 63
94 97 60 62
7 7 61 63
13 14 61 63
19 21 61 65
38 38 61 62
40 41 61 62
43 44 61 62
46 47 61 62
62 62 61 61
64 66 61 61
69 69 61 61
75 76 61 62
57 59 62 62
61 61 62 62
63 63 62 62
67 68 62 63
70 74 62 62
24 24 63 65
26 26 63 65
28 30 63 65
36 37 63 65
39 39 63 65
42 42 63 65
45 45 63 65
48 48 63 63
50 50 63 65
52 53 63 65
60 60 63 63
62 62 63 65
64 66 63 63
70 73 63 63
79 79 63 65
81 81 63 65
84 85 63 65
94 96 63 63
8 12 64 65
15 18 64 65
49 49 64 65
54 59 64 65
61 61 64 65
64 64 64 65
69 69 64 65
74 76 64 65
90 90 64 65
93 93 64 65
97 99 64 65
8 10 66 74
13 14 66 73
22 23 66 66
25 25 66 66
27 27 66 66
31 35 66 66
38 38 66 66
40 41 66 66
43 44 66 74
46 48 66 74
51 51 66 73
60 60 66 73
63 63 66 73
65 68 66 70
70 73 66 70
77 78 66 67
80 80 66 67
82 83 66 68
91 92 66 71
94 96 66 71
19 21 67 73
24 24 67 73
26 26 67 73
28 30 67 73
36 37 67 71
39 39 67 71
41 41 67 71
79 79 68 68
81 81 68 68
75 78 69 73
80 80 69 74
84 89 69 71
65 65 71 71
69 69 71 71
71 73 71 73
31 35 72 73
38 38 72 79
40 40 72 74
66 68 72 73
84 86 72 81
90 90 72 81
93 93 72 81
97 99 72 73
7 7 74 74
15 18 74 74
22 23 74 74
25 25 74 79
27 27 74 79
35 35 74 79
50 50 74 74
52 59 74 74
61 62 74 74
64 65 74 74
69 70 74 74
74 74 74 77
79 79 74 74
97 97 74 74
11 14 75 79
19 21 75 79
24 24 75 79
39 39 75 83
41 42 75 84
45 45 75 84
47 48 75 88
51 51 75 81
54 59 75 77
63 63 75 77
66 68 75 77
75 78 75 77
81 82 75 81
94 96 75 81
98 100 75 90
60 62 78 81
64 65 78 81
69 73 78 81
78 78 78 81
4 10 80 82
15 18 80 82
22 23 80 81
26 26 80 81
28 34 80 81
36 37 80 83
24 25 82 82
27 27 82 82
49 50 82 88
52 59 82 88
63 63 82 88
66 68 82 85
74 77 82 84
79 80 82 85
83 83 82 85
87 89 82 88
91 92 82 84
97 97 82 90
11 14 83 83
19 23 83 83
26 26 83 83
28 28 83 83
15 18 84 89
24 25 84 85
27 27 84 85
29 35 84 84
38 38 84 84
4 10 85 90
36 37 85 85
39 40 85 85
43 44 85 86
46 46 85 88
69 73 85 85
90 90 85 88
26 26 86 87
28 35 86 86
38 38 86 86
41 42 86 86
64 65 86 88
73 73 86 88
81 82 86 88
27 27 87 87
36 37 87 87
39 40 87 87
44 44 87 88
19 25 88 88
28 35 88 89
38 38 88 89
19 24 89 89
42 43 89 90
45 45 89 90
51 51 89 90
60 62 89 91
66 72 89 92
74 80 89 90
83 86 89 90
91 96 89 90
15 15 90 92
25 27 90 91
36 37 90 92
39 41 90 90
7 14 91 92
44 44 91 92
46 49 91 92
52 59 91 91
73 73 91 94
81 82 91 94
87 90 91 98
62 62 92 92
7 13 93 96
16 35 93 95
38 43 93 94
45 45 93 94
50 61 93 94
63 65 93 94
72 72 93 94
44 44 95 95
46 49 95 95
62 62 95 95
66 71 95 95
74 80 95 97
14 15 96 96
36 43 96 96
45 45 96 96
50 61 96 96
63 65 96 100
16 35 97 97
44 44 97 97
46 49 97 97
45 45 98 100
66 70 99 100
