1895
41 56 1 15
186 200 2 15
115 126 3 15
136 146 15 15
35 40 16 26
57 114 16 26
127 135 16 26
147 185 16 26
201 860 16 26
41 56 27 197
115 126 27 62
136 146 27 37
186 200 27 37
874 889 30 37
136 138 38 62
147 185 38 49
201 873 38 38
883 889 38 726
201 565 39 49
581 873 39 41
581 775 42 49
789 873 42 49
139 146 50 62
186 200 50 62
566 580 50 62
776 788 50 62
874 882 50 726
479 491 61 62
115 125 63 92
127 135 63 78
147 185 63 78
201 478 63 68
492 565 63 78
581 775 63 76
789 824 63 78
201 452 69 78
467 478 69 78
581 593 77 78
609 775 77 78
126 126 79 92
136 146 79 92
186 200 79 92
453 466 79 92
479 491 79 92
566 580 79 92
594 608 79 92
776 788 79 122
825 835 79 122
334 343 81 92
753 764 81 92
641 651 83 92
377 390 85 92
315 325 90 92
291 306 91 92
62 114 93 108
127 135 93 108
147 185 93 108
201 290 93 108
307 314 93 108
326 333 93 108
344 376 93 108
391 452 93 103
467 478 93 108
492 565 93 98
581 593 93 108
609 640 93 108
652 752 93 101
765 769 93 108
492 543 99 108
554 565 99 108
652 688 102 108
701 752 102 108
391 429 104 108
440 452 104 108
115 126 109 142
136 146 109 142
186 200 109 122
291 306 109 122
315 325 109 122
334 343 109 122
377 390 109 122
430 439 109 122
453 466 109 122
479 491 109 122
544 553 109 122
566 580 109 122
594 608 109 122
641 651 109 122
689 700 109 122
753 764 109 122
358 367 119 122
713 725 122 122
148 185 123 132
201 290 123 127
307 314 123 132
326 333 123 132
344 357 123 132
368 376 123 132
391 429 123 132
440 452 123 132
467 478 123 132
492 543 123 132
554 565 123 132
581 593 123 132
609 640 123 132
652 688 123 132
701 712 123 132
726 752 123 132
765 775 123 132
789 824 123 132
836 864 123 132
201 239 128 132
251 290 128 132
90 105 129 197
67 79 131 197
186 200 133 142
240 250 133 142
291 306 133 142
315 325 133 142
334 343 133 142
358 367 133 142
377 390 133 142
430 439 133 142
453 466 133 142
479 491 133 142
520 533 133 142
544 553 133 142
566 580 133 142
594 608 133 142
641 651 133 142
689 700 133 142
713 725 133 142
753 764 133 197
776 788 133 217
825 835 133 353
401 415 136 142
800 812 136 263
213 226 139 142
115 122 143 197
127 135 143 154
147 185 143 154
201 212 143 154
227 239 143 154
251 290 143 154
307 314 143 154
326 333 143 154
344 357 143 154
368 376 143 154
391 400 143 154
416 429 143 154
440 452 143 154
467 478 143 154
492 519 143 149
534 543 143 154
554 565 143 154
581 593 143 154
609 640 143 152
652 688 143 154
701 712 143 154
726 747 143 154
13 27 147 263
492 499 150 154
510 519 150 154
609 620 153 154
633 640 153 154
123 126 155 197
136 146 155 167
186 200 155 167
213 226 155 167
240 250 155 167
291 306 155 167
315 325 155 167
334 343 155 167
358 367 155 167
377 390 155 167
401 415 155 167
430 439 155 167
453 466 155 167
479 491 155 167
500 509 155 167
520 533 155 167
544 553 155 167
566 580 155 167
594 608 155 167
621 632 155 167
641 651 155 167
689 700 155 167
713 725 155 167
136 141 168 197
147 185 168 168
201 212 168 183
227 239 168 183
251 290 168 168
307 314 168 183
326 333 168 183
344 357 168 183
368 376 168 183
391 400 168 183
416 429 168 183
440 452 168 183
467 478 168 183
492 499 168 183
510 519 168 183
534 543 168 183
554 565 168 183
581 593 168 183
609 620 168 183
633 640 168 183
652 688 168 169
701 712 168 183
725 725 168 197
147 158 169 183
173 185 169 183
251 262 169 183
277 290 169 183
652 662 170 183
679 688 170 183
735 744 173 197
849 861 178 378
142 146 184 197
159 172 184 197
186 200 184 197
213 226 184 197
240 250 184 197
263 276 184 197
291 306 184 197
315 325 184 197
334 343 184 197
358 367 184 197
377 390 184 197
401 415 184 197
430 439 184 197
453 466 184 197
479 491 184 197
500 509 184 197
520 533 184 197
544 553 184 197
566 580 184 197
594 608 184 197
621 632 184 197
641 651 184 197
663 678 184 197
689 700 184 197
713 724 184 197
41 47 198 263
57 66 198 208
80 89 198 208
106 114 198 208
127 135 198 208
147 158 198 208
173 185 198 208
201 212 198 208
227 239 198 208
251 262 198 208
277 290 198 208
307 314 198 208
326 333 198 208
344 357 198 208
368 376 198 208
391 400 198 208
416 429 198 208
440 452 198 208
467 478 198 208
492 499 198 208
510 519 198 208
534 543 198 208
554 565 198 208
581 593 198 208
609 620 198 208
633 640 198 208
652 662 198 208
679 688 198 208
701 712 198 208
726 734 198 208
745 752 198 208
765 774 198 208
48 56 209 263
67 79 209 217
90 105 209 217
115 126 209 217
136 146 209 217
159 172 209 217
186 200 209 217
213 226 209 217
240 250 209 217
263 276 209 217
291 306 209 217
315 325 209 217
334 343 209 217
358 367 209 217
377 390 209 217
401 415 209 217
430 439 209 217
453 466 209 217
479 491 209 217
500 509 209 217
520 533 209 217
544 553 209 217
566 580 209 217
594 608 209 217
621 632 209 217
641 651 209 217
663 678 209 217
689 700 209 217
713 725 209 217
735 744 209 217
753 764 209 217
67 69 218 263
80 89 218 229
106 114 218 229
127 135 218 229
147 158 218 229
173 185 218 229
201 212 218 229
227 239 218 229
251 262 218 229
277 290 218 229
307 314 218 229
326 333 218 229
344 357 218 229
368 376 218 229
391 400 218 229
416 429 218 229
440 452 218 229
467 478 218 229
492 499 218 229
510 519 218 229
534 543 218 229
554 565 218 229
581 593 218 229
609 620 218 229
633 640 218 229
652 662 218 229
679 688 218 229
701 712 218 229
726 734 218 229
745 752 218 229
765 775 218 229
70 79 230 263
90 105 230 263
115 126 230 242
136 146 230 242
159 172 230 242
186 200 230 242
213 226 230 242
240 250 230 242
263 276 230 242
291 306 230 242
315 325 230 242
334 343 230 242
358 367 230 242
377 390 230 242
401 415 230 242
430 439 230 242
453 466 230 242
479 491 230 242
500 509 230 242
520 533 230 242
544 553 230 242
566 580 230 242
594 608 230 242
621 632 230 242
641 651 230 242
663 678 230 242
689 700 230 242
713 725 230 242
735 744 230 263
753 764 230 263
776 788 230 263
115 115 243 263
127 135 243 252
147 158 243 252
173 185 243 252
201 212 243 252
227 239 243 252
251 262 243 252
277 290 243 252
307 314 243 252
326 333 243 252
344 357 243 252
368 376 243 252
391 400 243 252
416 429 243 252
440 452 243 252
467 478 243 252
492 499 243 252
510 519 243 252
534 543 243 252
554 565 243 252
581 593 243 252
609 620 243 252
633 640 243 252
652 662 243 252
679 688 243 252
701 712 243 252
726 726 243 252
116 126 253 263
136 146 253 263
159 172 253 263
186 200 253 263
213 226 253 263
240 250 253 263
263 276 253 263
291 306 253 263
315 325 253 263
334 343 253 263
358 367 253 263
377 390 253 263
401 415 253 263
430 439 253 263
453 466 253 263
479 491 253 263
500 509 253 263
520 533 253 263
544 553 253 263
566 580 253 263
594 608 253 263
621 632 253 263
641 651 253 263
663 678 253 263
689 700 253 263
713 725 253 263
3 12 264 277
28 40 264 277
57 66 264 277
80 89 264 277
106 114 264 277
127 135 264 277
147 158 264 277
173 185 264 277
201 212 264 277
227 239 264 277
251 262 264 277
277 290 264 277
307 314 264 277
326 333 264 277
344 357 264 277
368 376 264 277
391 400 264 277
416 429 264 277
440 452 264 277
467 478 264 277
492 499 264 277
510 519 264 277
534 543 264 277
554 565 264 277
581 593 264 277
609 620 264 277
633 640 264 277
652 662 264 277
679 688 264 277
701 712 264 277
726 734 264 277
745 752 264 277
765 775 264 277
789 799 264 277
808 812 264 330
13 27 278 290
41 56 278 290
67 79 278 290
90 105 278 290
115 126 278 290
136 146 278 290
159 172 278 290
186 200 278 290
213 226 278 290
240 250 278 290
263 276 278 290
291 306 278 290
315 325 278 290
334 343 278 290
358 367 278 290
377 390 278 290
401 415 278 290
430 439 278 290
453 466 278 290
479 491 278 290
500 509 278 290
520 533 278 290
544 553 278 290
566 580 278 290
594 608 278 290
621 632 278 290
641 651 278 290
663 678 278 290
689 700 278 290
713 725 278 290
735 744 278 290
753 764 278 311
776 788 278 311
800 807 278 330
13 21 291 826
28 40 291 302
57 66 291 302
80 89 291 302
106 114 291 302
127 135 291 302
147 158 291 302
173 185 291 302
201 212 291 302
227 239 291 302
251 262 291 302
277 290 291 302
307 314 291 302
326 333 291 302
344 357 291 302
368 376 291 302
391 400 291 302
416 429 291 302
440 452 291 302
467 478 291 302
492 499 291 302
510 519 291 302
534 543 291 302
554 565 291 302
581 593 291 302
609 620 291 302
633 640 291 302
652 662 291 302
679 688 291 302
701 712 291 302
726 734 291 302
745 749 291 302
22 27 303 535
41 56 303 378
67 79 303 330
90 105 303 330
115 126 303 330
136 146 303 330
159 172 303 311
186 200 303 311
213 226 303 311
240 250 303 311
263 276 303 311
291 306 303 311
315 325 303 311
334 343 303 311
358 367 303 311
377 390 303 311
401 415 303 311
430 439 303 311
453 466 303 311
479 491 303 311
500 509 303 311
520 533 303 311
544 553 303 311
566 580 303 311
594 608 303 311
621 632 303 311
641 651 303 311
663 678 303 311
689 700 303 311
713 725 303 311
735 744 303 311
159 167 312 330
173 185 312 322
201 212 312 322
227 239 312 322
251 262 312 322
277 290 312 322
307 314 312 322
326 333 312 322
344 357 312 322
368 376 312 322
391 400 312 322
416 429 312 322
440 452 312 322
467 478 312 322
492 499 312 322
510 519 312 322
534 543 312 322
554 565 312 322
581 593 312 322
609 620 312 322
633 640 312 322
652 662 312 322
679 688 312 322
701 712 312 322
726 734 312 322
745 752 312 322
765 775 312 322
789 796 312 322
168 172 323 330
186 200 323 330
213 226 323 330
240 250 323 330
263 276 323 330
291 306 323 330
315 325 323 330
334 343 323 330
358 367 323 330
377 390 323 330
401 415 323 330
430 439 323 330
453 466 323 330
479 491 323 330
500 509 323 330
520 533 323 330
544 553 323 330
566 580 323 330
594 608 323 330
621 632 323 330
641 651 323 330
663 678 323 330
689 700 323 330
713 725 323 330
735 744 323 330
753 764 323 330
776 788 323 330
58 66 331 344
80 89 331 344
106 114 331 344
127 135 331 344
147 158 331 344
173 185 331 344
201 212 331 344
227 239 331 344
251 262 331 344
277 290 331 344
307 314 331 344
326 333 331 344
344 357 331 344
368 376 331 344
391 400 331 344
416 429 331 344
440 452 331 344
467 478 331 344
492 499 331 344
510 519 331 344
534 543 331 344
554 565 331 344
581 593 331 344
609 620 331 344
633 640 331 344
652 662 331 344
679 688 331 344
701 712 331 344
726 734 331 344
745 752 331 344
765 775 331 344
789 799 331 344
813 821 331 344
67 79 345 378
90 105 345 378
115 126 345 378
136 146 345 378
159 172 345 353
186 200 345 353
213 226 345 353
240 250 345 353
263 276 345 353
291 306 345 353
315 325 345 353
334 343 345 353
358 367 345 353
377 390 345 353
401 415 345 353
430 439 345 353
453 466 345 353
479 491 345 353
500 509 345 353
520 533 345 353
544 553 345 353
566 580 345 353
594 608 345 353
621 632 345 353
641 651 345 353
663 678 345 353
689 700 345 353
713 725 345 353
735 744 345 353
753 764 345 353
776 788 345 353
800 812 345 353
159 169 354 378
173 185 354 367
201 212 354 367
227 239 354 367
251 262 354 367
277 290 354 367
307 314 354 367
326 333 354 367
344 357 354 367
368 376 354 367
391 400 354 367
416 429 354 367
440 452 354 367
467 478 354 367
492 499 354 367
510 519 354 367
534 543 354 367
554 565 354 367
581 593 354 367
609 620 354 367
633 640 354 367
652 662 354 367
679 688 354 367
701 712 354 367
726 734 354 367
745 752 354 367
765 775 354 367
789 799 354 367
813 824 354 367
836 842 354 367
170 172 368 378
186 200 368 378
213 226 368 378
240 250 368 378
263 276 368 378
291 306 368 378
315 325 368 378
334 343 368 378
358 367 368 378
377 390 368 378
401 415 368 378
430 439 368 378
453 466 368 378
479 491 368 378
500 509 368 378
520 533 368 378
544 553 368 378
566 580 368 378
594 608 368 378
621 632 368 378
641 651 368 378
663 678 368 378
689 700 368 378
713 725 368 378
735 744 368 378
753 764 368 378
776 788 368 378
800 812 368 378
825 835 368 378
41 50 379 401
57 66 379 392
80 89 379 392
106 114 379 392
127 135 379 392
147 158 379 392
173 185 379 392
201 212 379 392
227 239 379 392
251 262 379 392
277 290 379 392
307 314 379 392
326 333 379 392
344 357 379 392
368 376 379 392
391 400 379 392
416 429 379 392
440 452 379 392
467 478 379 392
492 499 379 392
510 519 379 392
534 543 379 392
554 565 379 392
581 593 379 392
609 620 379 392
633 640 379 392
652 662 379 392
679 688 379 392
701 712 379 392
726 734 379 392
745 752 379 392
765 775 379 392
789 799 379 392
813 824 379 392
836 848 379 392
859 861 379 535
51 56 393 401
67 79 393 401
90 105 393 401
115 126 393 401
136 146 393 401
159 172 393 401
186 200 393 401
213 226 393 401
240 250 393 401
263 276 393 401
291 306 393 401
315 325 393 401
334 343 393 401
358 367 393 401
377 390 393 401
401 415 393 401
430 439 393 401
453 466 393 401
479 491 393 401
500 509 393 401
520 533 393 401
544 553 393 401
566 580 393 401
594 608 393 401
621 632 393 401
641 651 393 401
663 678 393 401
689 700 393 401
713 725 393 401
735 744 393 401
753 764 393 401
776 788 393 401
800 812 393 425
825 835 393 425
849 858 393 425
57 66 402 417
80 89 402 417
106 114 402 417
127 135 402 417
147 158 402 417
173 185 402 417
201 212 402 417
227 239 402 417
251 262 402 417
277 290 402 417
307 314 402 417
326 333 402 417
344 357 402 417
368 376 402 417
391 400 402 417
416 429 402 417
440 452 402 417
467 478 402 417
492 499 402 417
510 519 402 417
534 543 402 417
554 565 402 417
581 593 402 417
609 620 402 417
633 640 402 417
652 662 402 417
679 688 402 417
701 712 402 417
726 734 402 417
745 752 402 417
765 775 402 417
779 788 402 425
41 56 418 535
67 79 418 446
90 105 418 425
115 126 418 425
136 146 418 425
159 172 418 425
186 200 418 425
213 226 418 425
240 250 418 425
263 276 418 425
291 306 418 425
315 325 418 425
334 343 418 425
358 367 418 425
377 390 418 425
401 415 418 425
430 439 418 425
453 466 418 425
479 491 418 425
500 509 418 425
520 533 418 425
544 553 418 425
566 580 418 425
594 608 418 425
621 632 418 425
641 651 418 425
663 678 418 425
689 700 418 425
713 725 418 425
735 744 418 425
753 764 418 425
776 778 418 425
87 89 426 438
106 114 426 438
127 135 426 438
147 158 426 438
173 185 426 438
201 212 426 438
227 239 426 438
251 262 426 438
277 290 426 438
307 314 426 438
326 333 426 438
344 357 426 438
368 376 426 438
391 400 426 438
416 429 426 438
440 452 426 438
467 478 426 438
492 499 426 438
510 519 426 438
534 543 426 438
554 565 426 438
581 593 426 438
609 620 426 438
633 640 426 438
652 662 426 438
679 688 426 438
701 712 426 438
726 734 426 438
745 752 426 438
765 775 426 438
789 799 426 438
813 824 426 438
836 848 426 438
856 858 426 535
90 105 439 446
115 126 439 446
136 146 439 446
159 172 439 446
186 200 439 446
213 226 439 446
240 250 439 446
263 276 439 446
291 306 439 446
315 325 439 446
334 343 439 446
358 367 439 446
377 390 439 446
401 415 439 446
430 439 439 446
453 466 439 446
479 491 439 446
500 509 439 446
520 533 439 446
544 553 439 446
566 580 439 446
594 608 439 446
621 632 439 446
641 651 439 446
663 678 439 446
689 700 439 446
713 725 439 446
735 744 439 446
753 764 439 446
776 788 439 446
800 812 439 446
825 835 439 446
849 855 439 446
67 70 447 535
80 89 447 458
106 114 447 458
127 135 447 458
147 158 447 458
173 185 447 458
201 212 447 458
227 239 447 458
251 262 447 458
277 290 447 458
307 314 447 458
326 333 447 458
344 357 447 458
368 376 447 458
391 400 447 458
416 429 447 458
440 452 447 458
467 478 447 458
492 499 447 458
510 519 447 458
534 543 447 458
554 565 447 458
581 593 447 458
609 620 447 458
633 640 447 458
652 662 447 458
679 688 447 458
701 712 447 458
726 734 447 458
745 752 447 458
765 775 447 458
789 799 447 458
813 824 447 458
836 848 447 458
851 855 447 535
71 79 459 535
90 105 459 471
115 126 459 471
136 146 459 471
159 172 459 471
186 200 459 471
213 226 459 471
240 250 459 471
263 276 459 471
291 306 459 471
315 325 459 471
334 343 459 471
358 367 459 471
377 390 459 471
401 415 459 471
430 439 459 471
453 466 459 471
479 491 459 471
500 509 459 471
520 533 459 471
544 553 459 471
566 580 459 471
594 608 459 471
621 632 459 471
641 651 459 471
663 678 459 471
689 700 459 471
713 725 459 471
735 744 459 471
753 764 459 471
776 788 459 535
800 812 459 535
825 835 459 535
849 850 459 535
90 93 472 535
106 114 472 481
127 135 472 481
147 158 472 481
173 185 472 481
201 212 472 481
227 239 472 481
251 262 472 481
277 290 472 481
307 314 472 481
326 333 472 481
344 357 472 481
368 376 472 481
391 400 472 481
416 429 472 481
440 452 472 481
467 478 472 481
492 499 472 481
510 519 472 481
534 543 472 481
554 565 472 481
581 593 472 481
609 620 472 481
633 640 472 481
652 662 472 481
679 688 472 481
701 712 472 481
726 734 472 481
745 752 472 481
765 772 472 481
94 105 482 535
115 126 482 513
136 146 482 490
159 172 482 490
186 200 482 490
213 226 482 490
240 250 482 490
263 276 482 490
291 306 482 490
315 325 482 490
334 343 482 490
358 367 482 490
377 390 482 490
401 415 482 490
430 439 482 490
453 466 482 490
479 491 482 490
500 509 482 490
520 533 482 490
544 553 482 490
566 580 482 490
594 608 482 490
621 632 482 490
641 651 482 490
663 678 482 490
689 700 482 490
713 725 482 490
735 744 482 490
753 764 482 535
136 144 491 513
147 158 491 502
173 185 491 502
201 212 491 502
227 239 491 502
251 262 491 502
277 290 491 502
307 314 491 502
326 333 491 502
344 357 491 502
368 376 491 502
391 400 491 502
416 429 491 502
440 452 491 502
467 478 491 502
492 499 491 502
510 519 491 502
534 543 491 502
554 565 491 502
581 593 491 502
609 620 491 502
633 640 491 502
652 662 491 502
679 688 491 502
701 712 491 502
726 734 491 502
745 746 491 502
145 146 503 513
159 172 503 513
186 200 503 513
213 226 503 513
240 250 503 513
263 276 503 513
291 306 503 513
315 325 503 513
334 343 503 513
358 367 503 513
377 390 503 513
401 415 503 513
430 439 503 513
453 466 503 513
479 491 503 513
500 509 503 513
520 533 503 513
544 553 503 513
566 580 503 513
594 608 503 513
621 632 503 513
641 651 503 513
663 678 503 513
689 700 503 513
713 725 503 513
735 744 503 535
107 114 514 526
127 135 514 526
147 158 514 526
173 185 514 526
201 212 514 526
227 239 514 526
251 262 514 526
277 290 514 526
307 314 514 526
326 333 514 526
344 357 514 526
368 376 514 526
391 400 514 526
416 429 514 526
440 452 514 526
467 478 514 526
492 499 514 526
510 519 514 526
534 543 514 526
554 565 514 526
581 593 514 526
609 620 514 526
633 640 514 526
652 662 514 526
679 688 514 526
701 712 514 526
725 725 514 535
115 126 527 535
136 146 527 535
159 172 527 535
186 200 527 535
213 226 527 535
240 250 527 535
263 276 527 535
291 306 527 535
315 325 527 535
334 343 527 535
358 367 527 535
377 390 527 535
401 415 527 535
430 439 527 535
453 466 527 535
479 491 527 535
500 509 527 535
520 533 527 535
544 553 527 535
566 580 527 535
594 608 527 535
621 632 527 535
641 651 527 535
663 678 527 535
689 700 527 535
713 724 527 535
22 24 536 826
28 40 536 547
57 66 536 547
80 89 536 547
106 114 536 547
127 135 536 547
147 158 536 547
173 185 536 547
201 212 536 547
227 239 536 547
251 262 536 547
277 290 536 547
307 314 536 547
326 333 536 547
344 357 536 547
368 376 536 547
391 400 536 547
416 429 536 547
440 452 536 547
467 478 536 547
492 499 536 547
510 519 536 547
534 543 536 547
554 565 536 547
581 593 536 547
609 620 536 547
633 640 536 547
652 662 536 547
679 688 536 547
701 712 536 547
726 734 536 547
745 752 536 547
765 775 536 547
789 799 536 547
813 824 536 547
836 848 536 547
25 27 548 826
41 56 548 826
67 79 548 581
90 105 548 581
115 126 548 581
136 146 548 555
159 172 548 555
186 200 548 555
213 226 548 555
240 250 548 555
263 276 548 555
291 306 548 555
315 325 548 555
334 343 548 555
358 367 548 555
377 390 548 555
401 415 548 555
430 439 548 555
453 466 548 555
479 491 548 555
500 509 548 555
520 533 548 555
544 553 548 555
566 580 548 555
594 608 548 555
621 632 548 555
641 651 548 555
663 678 548 555
689 700 548 555
713 725 548 555
735 744 548 555
753 764 548 555
776 788 548 555
800 812 548 673
825 835 548 673
849 861 548 723
136 137 556 581
147 158 556 569
173 185 556 569
201 212 556 569
227 239 556 569
251 262 556 569
277 290 556 569
307 314 556 569
326 333 556 569
344 357 556 569
368 376 556 569
391 400 556 569
416 429 556 569
440 452 556 569
467 478 556 569
492 499 556 569
510 519 556 569
534 543 556 569
554 565 556 569
581 593 556 569
609 620 556 569
633 640 556 569
652 662 556 569
679 688 556 569
701 712 556 569
726 734 556 569
745 752 556 569
765 775 556 569
783 788 556 673
138 146 570 581
159 172 570 581
186 200 570 581
213 226 570 581
240 250 570 581
263 276 570 581
291 306 570 581
315 325 570 581
334 343 570 581
358 367 570 581
377 390 570 581
401 415 570 581
430 439 570 581
453 466 570 581
479 491 570 581
500 509 570 581
520 533 570 581
544 553 570 581
566 580 570 581
594 608 570 581
621 632 570 581
641 651 570 581
663 678 570 581
689 700 570 581
713 725 570 581
735 744 570 581
753 764 570 605
776 782 570 673
67 69 582 697
80 89 582 594
106 114 582 594
127 135 582 594
147 158 582 594
173 185 582 594
201 212 582 594
227 239 582 594
251 262 582 594
277 290 582 594
307 314 582 594
326 333 582 594
344 357 582 594
368 376 582 594
391 400 582 594
416 429 582 594
440 452 582 594
467 478 582 594
492 499 582 594
510 519 582 594
534 543 582 594
554 565 582 594
581 593 582 594
609 620 582 594
633 640 582 594
652 662 582 594
679 688 582 594
701 712 582 594
726 734 582 594
740 744 582 605
70 79 595 697
90 105 595 697
115 126 595 626
136 146 595 605
159 172 595 605
186 200 595 605
213 226 595 605
240 250 595 605
263 276 595 605
291 306 595 605
315 325 595 605
334 343 595 605
358 367 595 605
377 390 595 605
401 415 595 605
430 439 595 605
453 466 595 605
479 491 595 605
500 509 595 605
520 533 595 605
544 553 595 605
566 580 595 605
594 608 595 605
621 632 595 605
641 651 595 605
663 678 595 605
689 700 595 605
713 725 595 605
735 739 595 605
136 139 606 626
147 158 606 615
173 185 606 615
201 212 606 615
227 239 606 615
251 262 606 615
277 290 606 615
307 314 606 615
326 333 606 615
344 357 606 615
368 376 606 615
391 400 606 615
416 429 606 615
440 452 606 615
467 478 606 615
492 499 606 615
510 519 606 615
534 543 606 615
554 565 606 615
581 593 606 615
609 620 606 615
633 640 606 615
652 662 606 615
679 688 606 615
701 712 606 615
726 734 606 615
745 752 606 615
763 764 606 653
140 146 616 626
159 172 616 626
186 200 616 626
213 226 616 626
240 250 616 626
263 276 616 626
291 306 616 626
315 325 616 626
334 343 616 626
358 367 616 626
377 390 616 626
401 415 616 626
430 439 616 626
453 466 616 626
479 491 616 626
500 509 616 626
520 533 616 626
544 553 616 626
566 580 616 626
594 608 616 626
621 632 616 626
641 651 616 626
663 678 616 626
689 700 616 626
713 725 616 626
735 744 616 626
753 762 616 626
115 117 627 697
127 135 627 640
147 158 627 640
173 185 627 640
201 212 627 640
227 239 627 640
251 262 627 640
277 290 627 640
307 314 627 640
326 333 627 640
344 357 627 640
368 376 627 640
391 400 627 640
416 429 627 640
440 452 627 640
467 478 627 640
492 499 627 640
510 519 627 640
534 543 627 640
554 565 627 640
581 593 627 640
609 620 627 640
633 640 627 640
652 662 627 640
679 688 627 640
701 712 627 640
726 734 627 640
745 752 627 640
755 762 627 653
118 126 641 697
136 146 641 697
159 172 641 653
186 200 641 653
213 226 641 653
240 250 641 653
263 276 641 653
291 306 641 653
315 325 641 653
334 343 641 653
358 367 641 653
377 390 641 653
401 415 641 653
430 439 641 653
453 466 641 653
479 491 641 653
500 509 641 653
520 533 641 653
544 553 641 653
566 580 641 653
594 608 641 653
621 632 641 653
641 651 641 653
663 678 641 653
689 700 641 653
713 725 641 653
735 744 641 653
753 754 641 653
159 161 654 673
173 185 654 663
201 212 654 663
227 239 654 663
251 262 654 663
277 290 654 663
307 314 654 663
326 333 654 663
344 357 654 663
368 376 654 663
391 400 654 663
416 429 654 663
440 452 654 663
467 478 654 663
492 499 654 663
510 519 654 663
534 543 654 663
554 565 654 663
581 593 654 663
609 620 654 663
633 640 654 663
652 662 654 663
679 688 654 663
701 712 654 663
726 734 654 663
745 752 654 663
765 775 654 663
162 172 664 673
186 200 664 673
213 226 664 673
240 250 664 673
263 276 664 673
291 306 664 673
315 325 664 673
334 343 664 673
358 367 664 673
377 390 664 673
401 415 664 673
430 439 664 673
453 466 664 673
479 491 664 673
500 509 664 673
520 533 664 673
544 553 664 673
566 580 664 673
594 608 664 673
621 632 664 673
641 651 664 673
663 678 664 673
689 700 664 673
713 725 664 673
735 744 664 673
753 764 664 673
151 158 674 687
173 185 674 687
201 212 674 687
227 239 674 687
251 262 674 687
277 290 674 687
307 314 674 687
326 333 674 687
344 357 674 687
368 376 674 687
391 400 674 687
416 429 674 687
440 452 674 687
467 478 674 687
492 499 674 687
510 519 674 687
534 543 674 687
554 565 674 687
581 593 674 687
609 620 674 687
633 640 674 687
652 662 674 687
679 688 674 687
701 712 674 687
726 734 674 687
745 752 674 687
765 775 674 687
789 799 674 687
813 824 674 687
832 835 674 799
159 172 688 697
186 200 688 697
213 226 688 697
240 250 688 697
263 276 688 697
291 306 688 697
315 325 688 697
334 343 688 697
358 367 688 697
377 390 688 697
401 415 688 697
430 439 688 697
453 466 688 697
479 491 688 697
500 509 688 697
520 533 688 697
544 553 688 697
566 580 688 697
594 608 688 697
621 632 688 697
641 651 688 697
663 678 688 697
689 700 688 697
713 725 688 697
735 744 688 697
753 764 688 697
776 788 688 724
800 812 688 724
825 831 688 775
58 66 698 712
80 89 698 712
106 114 698 712
127 135 698 712
147 158 698 712
173 185 698 712
201 212 698 712
227 239 698 712
251 262 698 712
277 290 698 712
307 314 698 712
326 333 698 712
344 357 698 712
368 376 698 712
391 400 698 712
416 429 698 712
440 452 698 712
467 478 698 712
492 499 698 712
510 519 698 712
534 543 698 712
554 565 698 712
581 593 698 712
609 620 698 712
633 640 698 712
652 662 698 712
679 688 698 712
701 712 698 712
726 734 698 712
745 752 698 712
765 768 698 712
67 79 713 750
90 105 713 750
115 126 713 750
136 146 713 750
159 172 713 724
186 200 713 724
213 226 713 724
240 250 713 724
263 276 713 724
291 306 713 724
315 325 713 724
334 343 713 724
358 367 713 724
377 390 713 724
401 415 713 724
430 439 713 724
453 466 713 724
479 491 713 738
500 509 713 724
520 533 713 724
544 553 713 724
566 580 713 724
594 608 713 724
621 632 713 724
641 651 713 724
663 678 713 724
689 700 713 724
713 725 713 724
735 744 713 724
753 764 713 724
159 161 725 741
173 185 725 738
201 212 725 738
227 239 725 738
251 262 725 738
277 290 725 738
307 314 725 738
326 333 725 738
344 357 725 738
368 376 725 738
391 400 725 738
416 429 725 738
440 452 725 738
467 478 725 738
492 499 725 738
510 519 725 738
534 543 725 738
554 565 725 738
581 593 725 738
609 620 725 738
633 640 725 738
652 662 725 738
679 688 725 738
701 712 725 738
726 734 725 738
745 752 725 738
765 775 725 738
789 799 725 738
805 812 725 750
594 608 730 738
753 764 731 738
263 276 738 738
162 172 739 741
186 200 739 750
213 226 739 750
240 250 739 750
291 306 739 750
315 325 739 750
334 343 739 750
358 367 739 750
377 390 739 750
401 415 739 750
430 439 739 750
453 466 739 750
500 509 739 750
520 533 739 750
544 553 739 750
566 580 739 750
621 632 739 750
641 651 739 750
689 700 739 750
713 725 739 750
735 744 739 750
776 788 739 750
800 804 739 750
67 75 751 826
80 89 751 761
106 114 751 761
127 135 751 761
147 185 751 761
201 212 751 761
227 239 751 761
251 290 751 761
307 314 751 761
326 333 751 761
344 357 751 761
368 376 751 761
391 400 751 761
416 429 751 761
440 452 751 761
467 499 751 761
510 519 751 761
534 543 751 761
554 565 751 761
581 620 751 761
633 640 751 761
652 688 751 761
701 712 751 761
726 734 751 761
745 775 751 761
789 799 751 761
807 812 751 775
430 439 754 761
401 415 756 761
76 79 762 826
90 105 762 826
115 126 762 799
136 146 762 799
186 200 762 775
213 226 762 775
240 250 762 775
291 306 762 763
315 325 762 775
334 343 762 775
358 367 762 775
377 390 762 775
453 466 762 775
500 509 762 775
520 533 762 775
544 553 762 775
566 580 762 775
621 632 762 775
641 651 762 775
689 700 762 762
713 725 762 775
735 744 762 775
776 788 762 775
800 806 762 775
171 185 776 790
201 212 776 790
227 239 776 790
251 314 776 790
326 333 776 790
344 357 776 790
368 376 776 790
391 452 776 790
467 499 776 790
510 519 776 790
534 543 776 790
554 565 776 790
581 620 776 790
633 640 776 790
652 712 776 790
726 734 776 790
745 775 776 790
789 799 776 790
813 824 776 790
831 831 776 799
713 725 782 790
186 200 791 799
213 226 791 799
240 250 791 793
315 325 791 799
334 343 791 799
358 367 791 799
377 390 791 799
453 466 791 799
500 509 791 799
520 533 791 799
544 553 791 799
566 580 791 799
621 632 791 799
641 651 791 799
735 744 791 799
776 788 791 792
800 812 791 799
825 830 791 799
107 114 800 812
127 135 800 812
147 185 800 812
201 212 800 812
227 314 800 812
326 333 800 812
344 357 800 812
368 376 800 812
391 452 800 812
467 499 800 812
510 519 800 812
534 543 800 812
554 565 800 812
581 620 800 812
633 640 800 812
652 734 800 812
745 799 800 812
813 824 800 812
836 890 800 812
500 509 803 812
735 744 812 812
115 126 813 826
136 146 813 826
186 200 813 826
213 226 813 826
315 325 813 826
334 343 813 826
358 367 813 826
377 390 813 826
453 466 813 826
520 533 813 826
544 553 813 826
566 580 813 826
621 632 813 825
641 651 813 826
800 812 813 857
825 835 813 865
8 12 827 836
28 40 827 836
57 66 827 836
80 89 827 836
106 114 827 836
127 135 827 836
147 185 827 836
201 212 827 836
227 314 827 836
326 333 827 836
344 357 827 836
368 376 827 836
391 452 827 836
467 519 827 836
534 543 827 836
554 565 827 836
581 640 827 836
652 723 827 836
566 580 830 836
13 27 831 836
41 56 837 845
67 79 837 841
90 105 837 845
115 126 837 845
136 146 837 845
186 200 837 845
213 226 837 845
315 325 837 844
334 343 837 845
358 367 837 837
377 390 837 845
453 466 837 845
520 533 837 845
544 553 837 841
641 651 837 845
34 40 846 857
57 89 846 857
106 114 846 857
127 135 846 857
147 185 846 857
201 212 846 857
227 333 846 857
344 376 846 857
391 452 846 857
467 519 846 857
534 640 846 857
652 777 846 857
186 200 847 857
115 126 851 857
41 56 858 889
90 105 858 897
136 146 858 860
213 226 858 862
334 343 858 865
377 390 858 865
453 466 858 865
520 533 858 858
641 651 858 865
170 333 866 880
344 376 866 880
391 452 866 880
467 640 866 880
652 824 866 880
836 862 866 880
334 343 872 880
377 390 872 880
641 651 875 880
825 835 876 880
453 466 881 900
