692
65 128 1 16
32 33 13 13
44 45 13 13
56 58 13 15
29 29 14 14
34 35 14 15
41 41 14 16
46 46 14 14
48 48 14 33
53 54 14 14
59 60 14 17
26 26 15 15
28 28 15 16
36 38 15 15
40 40 15 15
47 47 15 15
49 51 15 15
61 62 15 17
24 25 16 16
29 32 16 16
36 36 16 16
42 43 16 17
46 46 16 16
49 49 16 32
51 52 16 26
58 58 16 17
63 63 16 19
29 31 17 17
35 35 17 17
44 45 17 17
50 50 17 31
54 54 17 26
64 64 17 18
66 128 17 23
30 34 18 18
44 44 18 18
46 47 18 34
53 53 18 28
55 57 18 23
62 62 18 18
21 21 19 19
30 30 19 19
45 45 19 23
65 65 19 31
24 24 20 20
26 26 20 20
58 58 20 21
23 23 21 21
31 34 21 21
44 44 21 33
59 60 21 21
18 18 22 22
28 28 22 23
32 36 22 22
43 43 22 33
26 27 23 23
30 31 23 23
33 35 23 23
40 42 23 33
16 16 24 25
20 20 24 24
32 33 24 25
35 35 24 24
37 38 24 36
67 128 24 24
18 18 25 25
23 24 25 26
26 26 25 26
34 34 25 41
36 36 25 34
39 39 25 37
45 45 25 33
60 60 25 25
62 63 25 25
66 67 25 26
69 70 25 25
73 128 25 25
15 15 26 27
22 22 26 28
35 35 26 26
57 58 26 26
68 68 26 26
70 73 26 26
75 128 26 26
21 21 27 29
33 33 27 41
52 52 27 27
56 56 27 27
60 60 27 27
66 66 27 28
71 72 27 28
76 128 27 27
14 14 28 28
35 35 28 33
51 51 28 28
63 63 28 28
68 68 28 32
73 74 28 28
77 128 28 29
19 20 29 30
30 30 29 29
32 32 29 29
52 52 29 29
67 67 29 32
69 69 29 31
72 72 29 29
74 74 29 37
14 14 30 30
18 18 30 30
29 29 30 31
31 31 30 31
56 56 30 30
66 66 30 31
70 71 30 30
75 75 30 37
77 77 30 40
80 128 30 30
19 19 31 31
30 30 31 41
32 32 31 41
62 64 31 31
70 70 31 32
73 73 31 37
76 76 31 37
78 79 31 39
81 82 31 31
84 128 31 31
13 13 32 32
17 18 32 32
57 57 32 33
62 63 32 32
71 72 32 32
83 84 32 34
86 128 32 32
14 14 33 33
16 17 33 33
29 29 33 34
31 31 33 34
54 54 33 33
58 58 33 33
65 65 33 37
72 72 33 34
87 128 33 33
15 15 34 41
40 41 34 34
52 52 34 34
55 55 34 34
66 66 34 36
70 70 34 34
80 80 34 39
88 128 34 35
16 16 35 36
28 28 35 41
35 35 35 36
40 40 35 37
50 50 35 35
53 53 35 35
68 68 35 37
71 71 35 35
81 81 35 39
83 83 35 35
85 85 35 37
29 29 36 40
31 31 36 41
36 36 36 40
51 52 36 36
67 67 36 36
87 87 36 36
89 128 36 37
48 49 37 38
84 84 37 37
86 86 37 43
26 27 38 39
35 35 38 40
37 38 38 38
47 47 38 39
60 60 38 38
64 64 38 38
66 67 38 38
82 82 38 40
88 88 38 48
90 128 38 40
25 25 39 40
37 37 39 40
46 46 39 39
48 48 39 39
58 59 39 39
65 65 39 40
83 84 39 39
24 24 40 41
38 38 40 40
45 45 40 41
61 62 40 40
64 64 40 52
68 68 40 40
78 78 40 40
85 85 40 41
87 87 40 44
89 89 40 48
16 18 41 41
20 23 41 41
47 47 41 41
60 60 41 43
62 62 41 41
74 75 41 41
79 80 41 42
90 102 41 41
104 105 41 43
109 128 41 41
46 46 42 42
58 58 42 42
61 61 42 50
63 63 42 51
74 74 42 42
81 83 42 42
90 100 42 43
102 103 42 43
106 109 42 43
112 128 42 42
47 48 43 43
50 50 43 43
57 57 43 43
59 59 43 43
62 62 43 51
80 82 43 44
85 85 43 43
101 101 43 44
110 111 43 44
113 128 43 43
48 49 44 44
53 53 44 46
56 56 44 45
58 58 44 44
90 97 44 45
99 100 44 46
103 103 44 50
105 107 44 53
109 109 44 63
112 112 44 45
114 128 44 44
49 52 45 45
55 55 45 46
57 57 45 49
60 60 45 50
81 81 45 64
83 84 45 45
98 98 45 47
102 102 45 50
104 104 45 52
108 108 45 57
110 110 45 64
113 113 45 47
115 128 45 45
54 54 46 46
58 59 46 48
82 83 46 50
87 87 46 48
90 95 46 48
97 97 46 49
101 101 46 50
111 111 46 64
114 114 46 58
116 128 46 48
21 21 47 47
31 33 47 47
73 73 47 47
77 77 47 47
80 80 47 53
84 86 47 49
100 100 47 49
112 112 47 55
18 18 48 49
22 22 48 49
42 42 48 48
56 56 48 48
78 79 48 55
96 96 48 49
99 99 48 48
115 115 48 54
34 34 49 49
46 46 49 49
59 59 49 49
90 93 49 49
95 95 49 49
98 98 49 49
113 113 49 49
117 128 49 64
20 20 50 50
33 33 50 50
42 42 50 50
77 77 50 63
84 84 50 50
87 91 50 50
93 94 50 64
45 45 51 51
82 82 51 55
85 87 51 51
89 91 51 51
76 76 52 53
83 84 52 64
86 88 52 52
90 91 52 63
102 102 52 52
113 113 52 53
55 55 53 53
85 86 53 60
88 88 53 61
116 116 53 64
54 54 54 54
56 56 54 54
64 64 54 54
107 107 54 55
37 37 55 55
57 57 55 55
87 87 55 58
89 89 55 61
113 113 55 64
35 35 56 57
53 53 56 56
64 64 56 62
75 76 56 56
78 78 56 57
80 80 56 64
17 17 57 57
36 37 57 57
54 54 57 57
56 56 57 57
63 63 57 57
76 76 57 64
82 82 57 57
112 112 57 57
115 115 57 64
18 18 58 58
34 34 58 58
38 38 58 58
75 75 58 64
79 79 58 64
19 20 59 59
32 33 59 60
62 63 59 62
82 82 59 65
99 99 59 59
112 112 59 64
21 21 60 60
31 31 60 60
39 40 60 60
61 61 60 60
78 78 60 60
87 87 60 64
95 96 60 60
104 104 60 60
108 108 60 62
114 114 60 65
23 23 61 61
25 27 61 61
30 30 61 61
40 40 61 61
74 74 61 64
29 29 62 62
41 41 62 62
60 61 62 62
73 73 62 64
85 86 62 63
96 97 62 62
99 102 62 63
104 104 62 64
42 42 63 71
53 53 63 73
61 62 63 63
67 67 63 63
78 78 63 65
88 89 63 64
95 95 63 64
97 98 63 64
103 103 63 63
105 106 63 64
45 45 64 64
50 50 64 64
52 52 64 70
59 59 64 64
66 66 64 64
68 68 64 64
72 72 64 64
90 90 64 64
92 92 64 64
96 96 64 64
100 102 64 76
1 41 65 66
43 44 65 70
54 57 65 65
60 60 65 65
62 64 65 65
70 70 65 65
77 77 65 65
98 99 65 78
103 103 65 77
108 109 65 65
45 51 66 70
54 56 66 70
65 66 66 68
69 69 66 66
79 81 66 66
97 97 66 79
104 105 66 76
107 108 66 67
112 112 66 66
1 25 67 68
27 41 67 68
62 62 67 67
67 67 67 67
95 96 67 69
106 106 67 76
26 26 68 68
58 58 68 71
77 77 68 68
94 94 68 68
108 109 68 74
1 24 69 69
29 41 69 69
57 57 69 70
59 61 69 71
64 65 69 69
80 80 69 69
82 83 69 69
92 92 69 78
107 107 69 75
1 23 70 70
30 41 70 70
62 64 70 70
95 95 70 78
110 110 70 72
1 21 71 71
23 27 71 71
30 32 71 71
35 37 71 71
41 41 71 73
43 43 71 71
46 49 71 72
54 55 71 71
62 62 71 71
67 68 71 72
76 76 71 71
1 18 72 73
20 21 72 74
23 23 72 75
25 25 72 72
27 27 72 73
30 31 72 77
33 33 72 72
37 37 72 72
55 55 72 72
59 59 72 72
63 63 72 72
66 66 72 72
69 69 72 72
71 71 72 72
96 96 72 74
19 19 73 78
28 29 73 73
38 38 73 79
40 40 73 78
46 48 73 74
50 50 73 76
54 54 73 73
61 61 73 73
68 68 73 74
88 88 73 73
118 118 73 74
1 17 74 78
28 28 74 74
32 32 74 74
34 34 74 74
36 37 74 74
39 39 74 77
43 43 74 74
45 45 74 74
49 49 74 76
52 52 74 74
57 57 74 77
60 60 74 75
63 64 74 74
66 67 74 75
69 70 74 74
76 76 74 74
110 110 74 94
22 22 75 75
24 26 75 75
37 37 75 78
41 41 75 77
47 48 75 78
51 51 75 75
58 59 75 76
63 63 75 78
65 65 75 75
70 71 75 75
77 77 75 75
88 88 75 75
108 108 75 76
116 116 75 75
24 24 76 76
26 26 76 76
28 28 76 76
36 36 76 76
46 46 76 76
52 54 76 76
56 56 76 76
66 66 76 79
68 68 76 76
70 70 76 76
75 76 76 78
80 80 76 76
96 96 76 78
109 109 76 99
119 119 76 76
18 18 77 79
20 23 77 77
27 27 77 77
35 35 77 77
51 51 77 77
59 59 77 77
65 65 77 77
67 67 77 77
72 72 77 78
78 78 77 102
81 81 77 77
101 102 77 77
105 105 77 77
116 116 77 77
20 21 78 79
23 23 78 78
26 26 78 79
28 28 78 79
31 31 78 128
42 42 78 78
49 49 78 78
53 53 78 78
58 58 78 87
60 60 78 85
68 70 78 79
77 77 78 100
79 79 78 104
84 84 78 78
86 86 78 78
102 102 78 78
108 108 78 101
111 111 78 80
119 119 78 80
1 16 79 128
27 27 79 79
29 30 79 79
33 33 79 79
41 41 79 81
47 47 79 128
54 55 79 81
61 61 79 83
67 67 79 79
71 71 79 79
76 76 79 97
80 80 79 79
94 94 79 79
98 98 79 79
106 107 79 79
117 117 79 81
19 19 80 80
29 29 80 128
35 37 80 81
42 43 80 81
46 46 80 82
48 52 80 82
56 57 80 82
59 59 80 81
62 64 80 81
75 75 80 91
107 107 80 103
17 17 81 84
20 26 81 83
32 34 81 81
38 40 81 81
44 45 81 81
53 53 81 82
80 80 81 107
105 106 81 82
30 30 82 128
32 33 82 82
36 37 82 82
40 40 82 83
55 55 82 82
64 64 82 82
81 81 82 86
19 19 83 83
32 32 83 128
38 39 83 85
41 42 83 84
44 45 83 83
49 51 83 83
57 57 83 87
74 74 83 91
106 106 83 107
22 25 84 84
43 44 84 88
46 46 84 87
48 48 84 87
51 53 84 84
59 59 84 84
63 64 84 84
111 111 84 89
120 120 84 84
22 23 85 85
27 28 85 86
34 34 85 86
40 40 85 85
42 42 85 87
45 45 85 86
49 49 85 85
54 55 85 85
61 61 85 85
17 17 86 128
36 38 86 86
50 51 86 86
53 53 86 88
55 55 86 86
62 65 86 86
28 28 87 128
35 37 87 87
39 39 87 87
41 41 87 87
50 50 87 88
59 60 87 87
65 65 87 88
105 105 87 106
118 119 87 87
18 19 88 128
26 27 88 128
34 34 88 88
36 37 88 88
49 49 88 88
52 52 88 88
61 62 88 88
66 66 88 90
81 81 88 108
104 104 88 108
20 20 89 128
45 45 89 128
48 48 89 89
54 54 89 89
59 59 89 89
62 64 89 128
82 82 89 89
25 25 90 128
34 37 90 128
40 41 90 128
46 46 90 128
49 52 90 128
60 61 90 128
65 65 90 90
21 24 91 128
33 33 91 128
38 39 91 128
42 44 91 128
48 48 91 128
53 59 91 128
82 83 91 91
82 82 92 109
84 84 92 92
102 103 92 108
111 111 92 94
83 83 93 108
85 85 93 93
100 101 93 93
84 84 94 109
87 87 94 112
99 99 94 111
101 101 94 111
75 75 95 96
85 86 95 110
88 88 95 111
90 95 95 112
100 100 95 110
89 89 96 112
96 98 96 111
110 110 98 98
76 76 99 99
109 109 101 101
77 77 102 102
108 108 103 103
78 78 104 104
107 107 105 105
102 102 109 110
85 85 111 111
96 96 112 112
98 98 112 112
91 95 113 113
