1540
466 584 5 7
370 465 8 17
474 584 8 14
72 146 9 18
474 475 15 69
575 584 15 25
478 553 16 25
184 271 17 17
169 183 18 27
272 283 18 27
370 379 18 58
464 465 18 69
72 81 19 28
137 146 19 28
478 487 26 69
510 543 26 35
554 574 26 35
585 598 26 35
194 261 27 27
169 178 28 53
184 193 28 87
262 271 28 45
274 283 28 45
28 71 29 38
82 136 29 38
144 146 29 53
510 519 36 69
544 553 36 69
575 584 36 99
589 598 36 109
28 37 39 73
72 81 39 53
134 136 39 53
262 266 46 52
272 273 46 52
284 356 46 52
229 261 53 62
267 271 53 62
274 283 53 55
300 356 53 55
56 71 54 63
82 133 54 63
137 143 54 63
147 168 54 63
170 178 54 123
274 276 56 62
284 299 56 62
347 356 56 58
341 346 59 64
357 369 59 64
380 442 59 64
229 238 63 77
262 266 63 87
272 273 63 110
277 283 63 110
290 299 63 110
56 65 64 73
72 81 64 88
134 136 64 88
144 146 64 100
160 168 64 114
336 340 65 110
347 356 65 68
370 379 65 68
443 454 65 74
347 350 69 74
357 369 69 74
380 432 69 74
457 463 70 75
466 473 70 75
476 477 70 75
488 509 70 75
520 543 70 79
554 566 70 79
10 27 74 83
38 55 74 83
66 71 74 88
346 346 75 114
351 356 75 114
370 379 75 76
433 442 75 75
445 454 75 75
407 432 76 76
443 444 76 76
455 456 76 76
464 465 76 85
474 475 76 79
478 487 76 79
503 509 76 79
369 369 77 114
380 406 77 79
433 442 77 79
445 454 77 79
457 463 77 79
194 228 78 87
239 261 78 87
407 432 80 85
443 444 80 85
455 456 80 85
467 473 80 85
476 477 80 85
488 502 80 84
510 519 80 84
544 553 80 94
557 566 80 98
10 19 84 169
28 37 84 88
56 61 84 88
503 509 85 94
520 543 85 94
407 416 86 86
433 442 86 86
445 454 86 86
457 463 86 89
466 466 86 89
474 475 86 95
478 492 86 94
379 406 87 89
417 432 87 89
443 444 87 89
454 454 87 89
229 238 88 120
267 271 88 110
28 30 89 117
38 55 89 98
62 65 89 98
82 133 89 90
137 137 89 100
370 378 90 114
407 416 90 118
433 442 90 95
445 453 90 95
455 456 90 95
464 465 90 95
467 473 90 95
134 136 91 100
493 502 95 95
510 519 95 95
433 433 96 118
443 444 96 105
454 454 96 105
457 463 96 105
466 466 96 105
476 492 96 98
503 509 96 98
520 536 96 98
38 40 99 107
56 61 99 107
66 127 99 100
493 502 99 105
510 519 99 105
537 556 99 99
567 574 99 99
520 536 100 105
557 566 100 108
585 588 100 109
66 71 101 104
128 133 101 104
138 143 101 104
72 127 105 107
134 137 105 109
144 159 105 114
443 443 106 124
445 453 106 134
455 456 106 151
464 465 106 131
467 492 106 108
503 509 106 108
527 536 106 108
41 55 108 109
62 71 108 109
128 133 108 109
466 466 109 131
493 502 109 121
510 526 109 109
537 556 109 109
567 584 109 109
41 49 110 117
56 61 110 114
72 127 110 114
138 138 110 114
527 536 110 121
557 566 110 131
254 266 111 120
274 276 111 114
284 289 111 114
300 335 111 114
341 341 111 114
62 71 115 117
128 137 115 117
139 143 115 117
169 169 115 123
274 274 115 120
277 283 115 119
290 299 115 115
336 340 115 115
342 345 115 115
347 350 115 115
357 368 115 115
373 378 115 115
290 294 116 119
300 335 116 118
341 341 116 118
346 346 116 118
351 356 116 118
369 372 116 118
379 379 116 118
31 40 118 144
50 61 118 119
72 127 118 119
138 138 118 123
300 316 119 119
336 340 119 119
342 345 119 119
347 350 119 125
357 368 119 120
373 378 119 120
380 406 119 120
417 432 119 120
434 435 119 124
50 59 120 144
62 71 120 144
128 128 120 164
284 289 120 120
295 299 120 120
317 335 120 120
341 341 120 124
346 346 120 125
179 228 121 123
239 253 121 129
264 266 121 128
275 283 121 128
290 294 121 124
300 316 121 124
332 335 121 124
351 356 121 125
369 372 121 124
379 379 121 124
407 416 121 124
467 492 122 131
503 526 122 131
537 556 122 131
130 137 124 172
139 168 124 133
227 228 124 130
285 289 125 128
295 299 125 128
317 331 125 125
336 340 125 125
342 345 125 125
363 368 125 125
373 378 125 128
380 406 125 128
417 433 125 128
436 442 125 130
444 444 125 134
305 316 126 128
332 335 126 129
341 341 126 128
357 362 126 128
369 369 126 128
260 263 129 129
267 274 129 130
284 284 129 135
290 294 129 129
300 304 129 129
317 326 129 129
342 356 129 129
363 368 129 130
370 372 129 130
379 379 129 130
407 416 129 130
426 433 129 130
254 259 130 130
264 266 130 130
295 299 130 135
305 316 130 135
327 331 130 138
336 341 130 130
169 226 131 133
229 253 131 135
260 263 131 135
275 283 131 135
336 340 131 134
342 362 131 134
369 369 131 134
373 378 131 134
380 406 131 134
417 425 131 134
434 435 131 134
457 463 132 151
493 502 132 151
527 536 132 195
139 139 134 158
217 226 134 135
341 341 135 167
363 368 135 167
370 372 135 169
379 379 135 159
407 416 135 159
426 433 135 159
436 443 135 159
454 454 135 151
227 228 136 145
254 259 136 139
264 274 136 138
285 294 136 138
300 304 136 138
312 316 136 138
264 269 139 139
275 284 139 139
295 299 139 139
305 311 139 164
317 326 139 164
331 331 139 164
229 253 140 145
260 263 140 145
270 274 140 145
285 294 140 145
41 49 145 154
60 61 145 154
72 92 145 154
254 259 146 148
264 269 146 148
275 284 146 148
295 301 146 164
177 253 149 158
260 263 149 158
270 274 149 158
285 286 149 164
444 453 152 159
464 492 152 161
503 509 152 193
50 59 155 159
62 71 155 164
83 92 155 164
140 176 159 168
187 198 159 168
254 259 159 171
264 269 159 164
275 276 159 164
20 49 160 169
60 61 160 164
380 406 160 169
417 425 160 169
434 435 160 169
454 463 162 169
493 499 162 188
72 82 165 172
93 127 165 172
270 274 165 171
277 284 165 171
287 294 165 171
302 304 165 174
312 316 165 167
327 330 165 167
305 311 168 174
317 326 168 174
331 340 168 174
342 362 168 177
369 369 168 169
140 148 169 184
177 186 169 171
189 198 169 171
50 71 170 172
373 379 170 177
407 416 170 182
426 433 170 178
436 453 170 178
177 179 172 216
187 188 172 213
199 253 172 181
260 269 172 174
275 276 172 174
285 286 172 174
294 294 172 174
21 49 173 175
83 92 173 174
128 129 173 174
50 82 175 175
93 127 175 175
130 138 175 184
254 259 175 181
270 274 175 181
277 284 175 181
287 293 175 182
295 301 175 177
312 316 175 177
327 330 175 177
341 341 175 177
21 40 176 182
83 92 176 182
302 311 178 182
317 326 178 182
331 340 178 189
363 372 178 182
417 425 179 182
434 435 179 188
454 492 179 188
190 198 182 213
260 269 182 198
275 276 182 192
284 284 182 192
21 30 183 188
41 82 183 184
93 127 183 184
285 286 183 192
294 301 183 192
312 316 183 189
327 327 183 189
373 406 183 189
423 425 183 188
41 50 185 185
83 92 185 185
128 129 185 185
139 139 185 194
149 156 185 216
31 40 186 188
51 82 186 188
93 127 186 188
130 137 186 194
12 20 189 250
41 50 189 198
83 92 189 194
97 127 189 194
407 422 189 192
426 433 189 203
436 453 189 193
500 502 189 193
309 311 190 192
317 326 190 192
328 330 190 192
341 372 190 199
392 406 190 192
277 283 193 198
287 293 193 198
302 308 193 201
312 316 193 201
327 327 193 199
331 337 193 199
373 391 193 199
413 422 193 203
436 443 194 213
454 499 194 195
510 526 194 195
61 82 195 198
93 96 195 224
128 129 195 224
138 138 195 224
140 146 195 220
454 492 196 213
500 509 196 205
537 581 196 205
22 40 199 238
51 60 199 224
83 86 199 224
227 259 199 208
270 276 199 201
284 286 199 201
294 301 199 201
319 326 200 201
328 330 200 201
338 340 200 206
382 391 200 206
277 283 202 208
287 293 202 208
309 311 202 208
317 318 202 211
327 327 202 206
410 412 204 206
423 425 204 206
520 536 204 205
500 502 206 213
510 519 206 223
572 581 206 223
328 337 207 211
341 381 207 216
392 409 207 216
413 422 207 213
217 226 209 213
260 276 209 211
284 286 209 211
294 308 209 211
277 283 212 217
287 293 212 217
309 316 212 218
319 327 212 216
338 340 212 216
189 189 214 217
199 216 214 217
227 276 214 217
413 419 214 216
423 435 214 216
444 453 214 226
493 499 214 254
503 509 214 223
157 176 217 217
180 188 217 217
317 318 217 218
328 337 217 218
382 391 217 218
410 412 217 226
420 422 217 226
157 172 218 220
177 179 218 220
190 198 218 220
217 226 218 223
284 286 218 218
292 293 218 218
278 283 219 223
287 291 219 228
294 308 219 228
319 327 219 228
338 381 219 226
392 393 219 226
147 156 221 224
173 176 221 224
180 189 221 223
199 216 221 223
177 179 224 226
190 198 224 226
227 277 224 227
284 286 224 233
503 508 224 259
520 571 224 233
582 596 224 233
51 59 225 228
61 82 225 228
87 92 225 234
97 127 225 234
130 137 225 230
139 146 225 226
157 172 225 226
175 176 225 226
147 156 227 230
173 174 227 227
180 189 227 227
338 374 227 228
382 391 227 228
394 409 227 236
413 419 227 236
423 443 227 246
454 471 227 236
164 172 228 230
175 179 228 230
183 189 228 230
227 249 228 237
278 281 228 233
41 50 229 238
60 60 229 238
287 287 229 233
292 293 229 233
309 318 229 233
328 337 229 233
375 381 229 268
384 391 229 236
138 146 231 234
157 163 231 234
173 174 231 237
180 182 231 247
190 226 231 237
256 277 234 243
282 283 234 243
288 291 234 243
294 308 234 243
319 327 234 243
338 348 234 243
519 519 234 259
572 581 234 259
587 596 234 273
70 86 235 238
93 96 235 250
128 137 235 279
147 156 235 237
164 164 235 237
384 384 237 248
392 393 237 248
410 412 237 248
415 419 237 258
454 461 237 246
472 478 237 254
142 146 238 279
157 163 238 247
165 172 238 247
174 174 238 247
190 212 238 247
240 249 238 248
22 30 239 240
51 59 239 240
61 69 239 240
87 92 239 250
31 50 241 250
60 60 241 250
70 86 241 250
256 265 244 248
278 281 244 250
284 287 244 260
292 293 244 260
309 318 244 258
328 337 244 248
339 348 244 268
423 424 247 273
444 453 247 264
462 468 247 254
152 156 248 277
164 164 248 277
173 173 248 277
175 179 248 277
183 189 248 260
203 212 248 248
198 202 249 250
213 239 249 250
250 255 249 250
319 327 249 258
382 383 249 268
385 391 249 278
394 409 249 258
21 30 251 289
51 59 251 279
61 69 251 279
190 197 251 260
203 212 251 258
240 249 251 258
256 277 251 260
282 283 251 260
454 461 255 264
469 471 255 264
479 492 255 259
203 207 259 260
213 239 259 260
250 255 259 260
392 393 259 278
410 414 259 283
420 422 259 273
479 491 260 264
493 502 260 264
509 518 260 264
520 571 260 269
579 581 260 273
180 182 261 277
198 202 261 277
208 212 261 277
240 249 261 277
278 281 261 269
288 291 261 268
462 468 265 273
472 478 265 273
492 492 265 273
503 508 265 269
510 518 265 269
292 338 269 269
349 374 269 269
277 277 270 279
282 291 270 278
339 348 270 278
367 374 270 278
502 502 270 273
509 509 270 273
519 519 270 273
569 571 270 273
425 461 274 276
469 471 274 276
479 491 274 276
493 501 274 276
503 508 274 276
517 518 274 276
520 568 274 276
572 578 274 283
582 586 274 283
596 596 274 336
421 424 277 283
462 468 277 283
472 478 277 283
492 492 277 283
502 502 277 283
509 516 277 283
519 519 277 283
523 568 277 283
149 151 278 279
157 163 278 279
165 172 278 287
174 174 278 287
183 197 278 279
203 207 278 279
213 239 278 279
250 251 278 279
278 281 279 279
292 338 279 279
349 366 279 279
375 384 279 330
31 50 280 289
60 60 280 292
138 141 280 289
147 148 280 282
152 156 280 282
164 164 280 287
198 202 280 287
208 212 280 287
240 249 280 287
252 276 280 289
287 291 280 289
339 348 280 297
357 366 280 330
61 76 283 292
149 151 283 289
155 156 283 289
415 420 284 335
425 461 284 286
469 471 284 286
479 491 284 286
493 501 284 286
503 508 284 286
517 518 284 297
523 526 284 297
569 571 284 297
579 581 284 307
586 586 284 326
425 430 287 315
462 468 287 315
472 478 287 318
492 492 287 318
502 502 287 307
509 512 287 297
159 163 288 289
173 173 288 309
175 197 288 289
203 207 288 289
213 239 288 289
242 249 288 289
51 59 290 292
142 148 290 292
152 154 290 292
157 158 290 323
164 172 290 309
198 202 290 299
208 212 290 299
240 241 290 309
250 251 290 297
277 286 290 297
77 86 293 302
142 144 293 323
149 151 293 323
155 156 293 323
247 249 298 309
252 276 298 307
287 338 298 307
349 350 298 330
503 508 298 307
513 516 298 307
519 522 298 307
527 568 298 307
174 197 300 309
203 207 300 309
213 239 300 309
16 76 303 312
87 126 303 312
252 256 308 310
277 286 308 341
339 340 308 330
493 501 308 318
509 512 308 310
517 518 308 310
523 526 308 310
569 578 308 318
198 202 310 320
208 212 310 310
242 246 310 310
213 241 311 320
247 251 311 320
256 256 311 320
502 508 311 318
513 516 311 318
519 522 311 318
527 568 311 318
16 25 313 385
77 86 313 341
117 126 313 323
431 461 316 335
462 471 319 325
479 491 319 328
509 512 319 320
517 518 319 320
523 526 319 320
574 578 319 320
203 212 321 323
242 246 321 352
252 255 321 371
257 265 321 351
492 508 321 328
513 516 321 328
519 522 321 326
527 573 321 326
98 116 324 333
127 141 324 333
145 148 324 333
152 154 324 325
159 202 324 325
213 216 324 342
155 158 326 333
385 414 326 330
472 478 326 328
523 526 327 328
574 585 327 336
509 512 329 336
517 522 329 336
527 563 329 336
318 338 331 340
341 348 331 340
351 356 331 340
367 374 331 340
403 414 331 335
98 107 334 341
117 126 334 339
142 144 334 335
149 154 334 335
159 206 334 335
145 148 336 339
155 158 336 339
207 212 336 339
375 402 336 340
421 430 336 342
462 471 336 346
513 516 337 360
523 526 337 360
564 573 337 370
586 595 337 380
108 116 340 341
127 144 340 341
149 154 340 341
159 206 340 342
210 212 340 342
318 327 341 341
339 340 341 351
349 350 341 346
357 366 341 346
393 402 341 342
69 76 342 375
87 97 342 343
117 126 342 343
145 148 342 349
151 154 342 349
266 276 342 351
287 317 342 351
328 338 342 351
207 209 343 352
217 241 343 352
382 392 343 352
403 420 343 346
431 459 343 346
98 116 344 351
127 144 344 349
351 356 347 353
367 371 347 353
403 417 347 352
421 430 347 352
460 461 347 356
472 478 347 363
118 126 350 351
149 150 350 352
155 199 350 352
79 97 352 353
117 117 352 353
127 140 352 353
256 256 352 371
277 286 352 371
318 327 352 353
341 348 352 353
151 154 353 353
200 206 353 371
210 216 353 371
247 251 353 371
382 391 353 353
393 402 353 353
418 420 353 353
431 449 353 356
77 78 354 375
98 116 354 373
118 126 354 373
141 150 354 373
302 317 354 363
328 340 354 363
349 350 354 363
357 366 354 356
372 381 354 356
392 392 354 363
403 417 354 356
419 420 354 356
357 358 357 363
367 371 357 363
403 407 357 363
418 418 357 399
421 430 357 385
450 459 357 363
462 468 357 363
483 512 361 363
517 522 361 370
527 551 361 370
302 311 364 365
318 327 364 365
341 348 364 365
351 356 364 365
359 366 364 375
372 391 364 390
393 402 364 399
408 408 364 399
435 449 364 369
460 461 364 369
469 471 364 369
479 482 364 369
513 515 364 370
287 301 366 375
312 317 366 375
328 340 366 375
349 350 366 375
435 436 370 375
450 459 370 373
462 468 370 373
472 478 370 373
483 501 370 370
483 492 371 373
502 512 371 373
516 516 371 385
523 541 371 380
552 563 371 380
574 585 371 380
175 199 372 373
207 209 372 381
217 246 372 381
257 276 372 380
98 100 374 375
117 117 374 374
127 140 374 374
151 174 374 374
178 199 374 374
445 449 374 375
460 461 374 375
469 471 374 375
479 482 374 375
493 501 374 375
506 512 374 375
108 116 375 375
118 126 375 383
141 150 375 383
175 177 375 384
200 206 375 381
26 68 376 385
79 97 376 385
101 107 376 384
277 286 376 380
302 311 376 380
318 327 376 380
341 348 376 400
351 358 376 390
431 434 376 385
437 444 376 385
450 459 376 379
462 468 376 379
472 478 376 379
483 492 376 379
502 505 376 385
447 449 380 385
460 461 380 385
469 471 380 385
479 482 380 385
492 492 380 385
287 301 381 390
312 317 381 400
328 340 381 400
517 522 381 385
542 551 381 412
564 573 381 422
185 199 382 384
210 216 382 384
247 276 382 390
111 117 384 384
127 140 384 384
151 167 384 384
98 100 385 385
108 110 385 385
118 126 385 385
141 150 385 404
168 174 385 397
178 184 385 397
200 209 385 397
69 78 386 388
101 107 386 388
111 117 386 388
435 436 386 399
445 446 386 399
450 459 386 399
462 468 386 399
472 478 386 399
483 491 386 412
493 501 386 412
506 515 386 412
22 68 389 398
79 100 389 398
108 110 389 398
118 121 389 402
277 286 391 438
289 301 391 400
359 371 391 400
382 391 391 399
175 177 398 427
185 199 398 407
210 270 398 407
22 31 399 427
69 78 399 402
101 107 399 402
111 111 399 402
382 385 400 401
392 392 400 401
403 407 400 401
409 417 400 409
419 434 400 409
437 444 400 409
447 449 400 409
460 461 400 409
469 471 400 419
475 478 400 412
289 298 401 425
302 311 401 425
318 327 401 416
349 358 401 406
359 381 402 406
386 391 402 406
393 402 402 409
79 100 403 404
108 110 403 404
112 117 403 404
122 139 403 404
75 78 405 415
101 107 405 412
111 111 405 412
118 121 405 412
140 140 405 414
151 158 405 427
328 348 407 416
382 385 407 411
392 392 407 411
178 184 408 427
200 209 408 432
261 270 408 432
393 395 410 411
403 408 410 411
418 418 410 433
435 436 410 429
445 446 410 419
450 459 410 419
462 464 410 419
349 381 412 416
386 391 412 416
396 402 412 416
409 417 412 433
79 100 413 414
108 110 413 414
112 117 413 414
122 129 413 414
472 474 413 419
479 482 413 419
492 492 413 419
502 505 413 419
516 541 413 422
552 563 413 422
79 84 415 415
101 107 415 415
111 111 415 415
118 121 415 415
130 139 415 415
141 148 415 415
50 74 416 425
85 100 416 425
108 110 416 425
112 117 416 425
122 129 416 425
140 140 416 427
148 148 416 427
382 385 417 434
392 395 417 433
447 449 420 426
460 461 420 426
465 468 420 422
475 478 420 422
483 491 420 422
493 501 420 422
462 464 423 426
469 474 423 426
479 482 423 426
492 492 423 427
502 515 423 427
542 551 423 427
50 59 426 427
75 84 426 427
101 107 426 427
111 111 426 430
118 121 426 427
130 137 426 427
289 291 426 438
299 301 426 438
399 408 426 433
450 459 427 427
465 468 427 427
475 478 427 427
483 491 427 427
12 21 428 432
32 49 428 432
60 74 428 432
85 100 428 430
107 107 428 430
122 129 428 430
138 139 428 430
141 147 428 430
149 150 428 430
159 174 428 430
185 199 428 432
442 449 428 429
460 464 428 429
469 474 428 429
479 482 428 429
493 501 428 429
516 541 428 437
550 551 428 470
437 441 430 433
450 459 430 434
465 468 430 436
475 478 430 436
483 492 430 436
502 515 430 437
85 96 431 432
101 106 431 439
108 110 431 437
112 121 431 437
130 137 431 437
140 140 431 437
148 148 431 437
151 158 431 437
175 176 431 437
12 18 433 481
22 31 433 437
50 59 433 437
75 84 433 437
88 96 433 437
210 260 433 442
271 276 433 438
396 398 434 434
419 436 434 434
442 449 434 434
347 381 435 438
386 395 435 435
399 418 435 435
437 441 435 436
455 459 435 436
386 388 436 437
396 398 436 437
442 454 437 437
460 464 437 447
469 474 437 437
479 482 437 437
493 501 437 437
32 49 438 439
60 74 438 439
85 87 438 439
111 111 438 439
122 129 438 439
138 139 438 439
141 147 438 439
149 150 438 439
159 174 438 440
177 209 438 442
382 385 438 443
389 395 438 443
399 441 438 443
452 454 438 443
475 478 438 447
483 492 438 468
540 541 438 460
271 271 439 440
287 288 439 440
292 298 439 440
302 346 439 440
376 381 439 444
32 37 440 442
50 59 440 442
75 84 440 442
88 100 440 443
107 110 440 440
112 121 440 440
130 137 440 440
140 140 440 440
148 148 440 440
151 151 440 440
111 111 441 443
122 129 441 443
138 139 441 443
141 147 441 449
149 150 441 463
152 158 441 453
167 174 441 453
269 270 441 442
272 286 441 442
289 291 441 448
299 301 441 448
332 346 441 448
29 31 443 462
38 49 443 449
60 74 443 449
78 84 443 443
175 176 443 463
261 268 443 472
271 271 443 472
78 78 444 449
85 87 444 449
101 110 444 449
112 121 444 449
130 137 444 449
140 140 444 449
386 388 444 444
396 398 444 444
442 451 444 444
455 459 444 447
357 375 445 447
382 385 445 447
389 395 445 447
399 441 445 447
445 451 445 447
357 371 448 448
376 381 448 467
386 388 448 479
396 398 448 469
442 444 448 468
452 454 448 468
465 474 448 468
282 288 449 450
292 298 449 450
302 331 449 450
347 356 449 457
366 371 449 457
38 47 450 452
50 59 450 452
75 77 450 452
79 84 450 453
88 100 450 453
111 111 450 463
122 129 450 452
138 139 450 462
142 147 450 463
279 281 451 482
289 291 451 463
299 301 451 457
322 331 451 457
32 37 453 462
48 49 453 479
60 74 453 453
78 78 453 453
112 121 453 462
60 68 454 462
75 77 454 478
85 87 454 468
101 110 454 463
151 151 454 463
159 166 454 463
168 174 454 463
302 321 458 463
332 346 458 463
357 365 458 467
493 539 461 468
22 28 463 479
38 47 463 479
57 59 463 472
112 118 463 463
138 138 463 463
119 137 464 468
139 141 464 468
148 148 464 468
152 158 464 478
167 167 464 479
177 177 464 479
283 288 464 482
292 301 464 467
322 331 464 467
346 346 464 467
289 291 468 482
302 321 468 473
332 345 468 473
347 356 468 488
366 375 468 500
88 118 469 472
138 138 469 478
142 147 469 478
439 441 469 469
445 451 469 469
455 464 469 469
475 482 469 478
524 539 469 470
399 438 470 479
442 444 470 479
452 454 470 478
483 523 471 478
540 549 471 528
57 57 473 479
60 66 473 479
88 108 473 478
119 128 473 478
215 260 473 473
269 270 473 482
272 278 473 482
178 214 474 479
293 301 474 482
322 331 474 488
336 345 474 488
78 87 479 479
109 118 479 494
129 137 479 494
139 141 479 504
148 151 479 516
449 451 479 479
455 474 479 479
514 523 479 480
19 21 480 481
29 37 480 481
50 56 480 481
58 59 480 481
67 77 480 481
88 88 480 494
154 166 480 489
168 176 480 483
215 237 480 482
389 398 480 520
439 441 480 480
445 448 480 480
452 454 480 480
437 438 481 525
442 444 481 525
449 451 481 490
455 513 481 490
524 535 481 490
1 11 482 491
22 28 482 491
38 49 482 489
57 57 482 489
60 66 482 489
78 82 482 489
190 214 483 483
225 237 483 483
271 271 483 488
282 282 483 488
292 292 483 488
301 301 483 488
177 189 484 489
215 224 484 489
238 270 484 488
238 269 489 492
272 281 489 492
283 291 489 492
293 300 489 498
302 321 489 498
332 335 489 498
346 346 489 498
29 37 490 491
50 56 490 491
58 59 490 491
67 77 490 491
79 82 490 494
154 163 490 516
167 176 490 526
190 214 490 492
225 227 490 492
447 448 491 528
452 454 491 518
514 523 491 518
526 535 491 518
1 10 492 547
12 21 492 525
38 49 492 515
57 57 492 504
60 66 492 494
73 77 492 494
190 199 493 530
215 224 493 548
228 237 493 543
270 271 493 548
282 282 493 498
291 291 493 498
67 72 495 504
78 78 495 504
83 87 495 504
89 108 495 504
119 128 495 504
280 281 499 500
283 290 499 500
292 292 499 500
301 301 499 500
322 331 499 500
336 345 499 500
280 280 501 531
282 282 501 521
291 291 501 510
293 300 501 510
302 321 501 520
332 335 501 520
346 365 501 510
373 375 501 510
50 56 505 515
58 66 505 515
73 77 505 515
79 82 505 515
88 88 505 515
109 118 505 516
129 138 505 516
142 147 505 516
292 292 511 520
301 301 511 520
346 362 511 520
366 372 511 520
376 388 511 520
22 37 516 525
57 57 516 524
67 72 516 524
78 78 516 524
83 87 516 524
89 96 516 524
107 108 517 524
119 128 517 524
139 141 517 524
152 153 517 526
164 166 517 526
455 513 519 528
524 525 519 528
536 539 519 528
293 300 521 548
322 331 521 551
336 345 521 521
363 365 521 521
373 375 521 525
283 292 522 548
346 362 522 525
48 56 525 525
58 66 525 525
73 77 525 525
79 82 525 525
88 88 525 525
97 106 525 525
109 118 525 526
129 138 525 526
38 47 526 534
57 57 526 534
67 72 526 534
78 78 526 534
83 87 526 534
89 96 526 534
346 356 526 531
363 372 526 531
376 436 526 535
439 441 526 535
97 108 527 530
119 128 527 530
139 151 527 530
154 163 527 530
442 446 529 535
449 454 529 533
514 523 529 543
526 535 529 588
97 103 531 534
109 118 531 534
129 138 531 534
152 153 531 540
164 189 531 540
200 210 531 540
272 279 532 548
281 282 532 561
357 362 532 535
373 375 532 535
455 513 534 543
48 56 535 537
58 66 535 537
73 77 535 538
79 82 535 547
88 88 535 565
104 108 535 567
119 128 535 540
139 151 535 540
347 356 536 551
363 372 536 561
437 438 536 588
447 454 536 543
11 47 538 538
57 57 538 538
67 72 538 538
11 28 539 547
48 56 539 547
58 66 539 547
114 118 541 568
129 138 541 578
154 163 541 587
190 199 541 558
201 210 541 548
225 227 544 548
238 268 544 548
439 446 544 588
29 47 548 548
57 57 548 548
67 78 548 548
19 28 549 565
48 56 549 555
58 66 549 555
79 87 549 565
200 200 549 558
211 214 549 558
228 237 549 553
269 269 549 553
279 279 549 591
283 290 549 561
301 321 549 551
291 300 552 561
332 346 552 561
357 362 552 561
215 227 554 558
238 268 554 558
270 278 554 591
29 47 556 565
57 57 556 565
67 78 556 565
201 210 559 580
228 237 559 590
301 331 559 561
347 356 562 591
48 56 566 578
58 66 566 568
67 103 568 568
104 113 569 577
119 128 569 578
57 103 578 578
114 118 578 578
104 113 579 597
447 525 579 588
164 200 581 587
211 227 581 590
280 346 582 591
114 153 588 597
154 210 591 597
