3735
2 23 57 207
3 31 319 469
4 47 1030 1105
6 23 625 775
13 28 1320 1470
15 52 796 871
24 38 57 189
24 48 208 265
24 31 620 624
24 53 696 775
29 38 1282 1319
29 93 1358 1470
32 37 319 347
32 35 470 498
32 81 590 619
32 81 625 665
36 43 404 469
36 43 480 498
38 43 348 394
39 39 49 56
39 48 190 199
39 55 1243 1281
39 55 1319 1319
40 42 1 48
40 42 57 76
42 52 945 1020
43 190 1 13
43 114 49 56
43 63 77 89
44 44 348 354
44 44 395 403
44 44 470 479
44 48 499 505
45 52 343 347
45 52 355 394
45 48 404 469
45 48 480 493
48 49 1106 1180
49 63 116 189
49 69 200 207
49 124 266 266
49 71 404 404
49 107 470 479
49 61 494 498
49 61 506 555
50 61 1106 1142
50 73 1181 1218
53 71 312 342
53 71 348 354
53 71 388 394
53 119 796 835
53 64 872 944
53 64 987 1020
54 81 666 695
54 81 742 775
56 73 1243 1244
56 77 1282 1318
56 77 1320 1320
62 107 492 493
62 124 499 505
62 81 556 567
62 64 1063 1105
62 83 1139 1142
64 77 62 76
64 77 90 115
64 69 138 189
65 116 872 931
65 83 945 986
65 83 1021 1062
65 84 1083 1105
70 77 131 137
70 77 190 199
70 77 207 207
72 103 287 311
72 78 343 347
72 78 355 387
72 78 395 403
72 78 405 437
74 77 1181 1203
74 77 1219 1242
74 77 1245 1279
78 114 57 61
78 114 77 89
78 108 116 130
78 108 138 189
78 108 200 206
78 83 1171 1180
78 96 1204 1218
78 96 1243 1244
78 128 1280 1281
78 93 1319 1319
78 88 1321 1321
79 103 319 342
79 103 348 354
79 107 388 394
79 107 404 404
79 107 438 469
82 93 533 555
82 93 568 589
82 136 609 619
82 119 696 741
84 116 945 961
84 84 987 1020
84 84 1038 1062
84 84 1113 1138
84 84 1143 1170
84 128 1181 1188
85 140 987 1017
85 123 1021 1037
85 123 1063 1082
85 123 1106 1112
85 123 1139 1142
85 123 1169 1170
89 93 1320 1320
89 93 1322 1324
89 157 1471 1475
94 119 512 532
94 206 556 567
94 206 588 589
94 128 1296 1318
94 134 1321 1321
94 96 1325 1357
94 157 1447 1470
97 128 1199 1203
97 128 1219 1242
97 128 1245 1264
97 134 1325 1340
97 134 1350 1357
104 147 287 297
104 147 312 318
104 120 343 347
104 107 355 373
108 120 348 354
108 119 374 387
108 120 395 403
108 120 405 437
108 120 480 491
108 124 494 498
109 114 116 128
109 114 131 137
109 114 190 199
109 124 205 206
115 190 62 76
115 130 90 115
115 124 129 130
115 124 138 189
117 128 872 901
117 128 932 944
117 128 962 977
120 120 355 373
120 120 388 390
120 124 506 511
120 124 533 541
120 124 696 736
120 124 742 795
120 124 813 835
121 147 374 387
121 147 391 394
121 147 404 404
121 124 438 479
121 124 492 493
124 140 1021 1029
124 140 1038 1062
124 154 1083 1105
124 159 1113 1138
124 128 1143 1168
124 128 1171 1180
125 130 116 128
125 130 131 137
125 130 190 204
125 130 207 265
125 147 405 437
125 149 480 491
125 171 512 532
125 199 542 555
125 136 692 695
125 134 737 741
125 131 796 812
125 128 836 842
129 131 843 871
129 131 902 931
129 140 945 961
129 140 978 986
129 159 1143 1163
129 159 1169 1170
129 153 1189 1198
129 153 1204 1218
129 153 1243 1244
129 134 1265 1279
129 134 1282 1295
129 134 1315 1318
131 214 90 106
131 206 129 130
131 156 138 189
131 156 205 206
131 174 258 265
132 134 767 795
132 134 813 842
132 207 872 901
132 235 918 931
135 136 705 736
135 136 742 766
135 148 796 812
135 156 843 855
135 150 1248 1264
135 150 1280 1281
135 150 1296 1314
135 150 1319 1320
135 150 1322 1324
135 164 1341 1349
135 164 1358 1398
137 182 609 615
137 148 620 691
137 148 696 704
137 148 737 741
141 235 932 944
141 159 962 977
141 159 1018 1020
141 154 1030 1037
141 154 1063 1082
148 189 298 311
148 188 319 373
148 171 388 390
148 171 395 403
149 171 620 659
149 171 692 695
149 171 705 736
149 156 742 795
149 156 811 812
150 171 424 479
150 171 492 499
151 153 1248 1262
151 153 1265 1279
151 153 1282 1295
151 153 1315 1318
151 153 1321 1321
151 156 1325 1338
154 156 1171 1188
154 156 1199 1203
154 156 1219 1242
154 156 1245 1247
154 156 1263 1264
154 156 1280 1281
154 156 1296 1314
154 156 1319 1320
155 160 1038 1062
157 206 138 180
157 174 190 204
157 174 207 256
157 171 742 784
157 165 796 810
157 165 813 842
157 165 856 860
157 159 1171 1176
157 162 1189 1198
157 162 1204 1218
157 162 1243 1244
157 162 1248 1262
157 162 1265 1279
157 162 1282 1295
157 162 1315 1318
157 169 1321 1324
157 164 1328 1338
158 164 1406 1446
158 248 1476 1481
160 192 978 1017
160 160 1021 1037
160 160 1139 1142
160 160 1164 1168
160 162 1177 1188
161 192 1018 1020
161 181 1063 1138
161 181 1143 1163
163 181 1170 1176
163 172 1199 1203
163 172 1219 1242
163 172 1245 1247
163 172 1263 1264
163 172 1280 1281
163 169 1296 1314
163 169 1319 1320
165 169 1325 1327
165 169 1339 1340
165 169 1350 1357
165 169 1399 1405
165 196 1447 1475
166 200 811 812
166 207 843 855
166 207 861 871
170 172 1315 1318
170 172 1328 1338
170 172 1341 1349
170 196 1358 1398
170 196 1406 1446
172 188 375 387
172 188 391 394
172 186 404 423
172 195 480 491
172 195 500 511
172 195 526 532
172 174 620 644
172 174 660 691
172 200 696 704
172 200 737 741
172 200 785 795
173 181 1204 1218
173 181 1243 1244
173 181 1248 1262
173 187 1265 1279
173 179 1282 1314
173 179 1319 1327
173 179 1339 1340
175 206 205 206
175 206 257 257
175 182 645 659
175 200 692 695
180 189 1315 1318
180 196 1328 1338
180 196 1341 1357
182 212 1063 1104
182 228 1139 1142
182 187 1164 1169
182 187 1177 1203
182 187 1219 1242
182 187 1245 1247
182 187 1256 1262
183 206 590 608
183 206 616 644
183 212 660 665
187 195 424 479
188 200 1156 1163
188 200 1170 1176
188 200 1204 1218
188 189 1243 1244
188 189 1248 1255
188 189 1263 1264
188 189 1280 1306
189 189 374 374
189 219 388 390
190 253 298 306
190 203 312 373
190 203 375 382
190 204 1245 1247
190 204 1256 1262
190 204 1265 1279
190 204 1307 1314
191 193 14 61
193 214 945 977
194 214 62 89
196 199 391 423
196 199 492 499
196 199 512 525
196 199 533 541
197 206 1318 1327
197 209 1339 1340
197 247 1399 1405
197 248 1469 1475
200 219 391 401
200 219 424 491
200 212 500 511
200 212 526 532
200 206 553 555
201 204 705 736
201 207 742 784
201 207 796 810
201 207 813 842
201 207 1143 1155
201 204 1164 1169
201 204 1177 1203
204 268 374 374
204 219 383 387
205 212 666 704
205 210 737 741
205 207 1170 1176
205 207 1204 1244
205 206 1248 1255
205 206 1263 1264
205 206 1280 1306
207 214 107 128
207 214 131 137
207 220 181 204
207 265 207 256
207 212 550 552
207 215 568 587
207 215 609 615
207 212 626 644
207 207 1245 1247
207 207 1256 1262
207 207 1265 1279
207 209 1307 1317
207 209 1321 1327
208 210 742 766
208 210 785 795
208 210 811 812
208 229 856 860
208 235 902 917
208 228 1143 1147
208 228 1156 1169
208 232 1177 1203
208 210 1248 1255
208 210 1263 1264
208 209 1280 1298
210 210 1271 1279
210 210 1299 1306
210 210 1318 1320
210 210 1328 1338
210 210 1341 1346
211 212 705 736
211 215 767 784
211 224 796 810
211 229 813 855
211 217 1256 1262
211 217 1265 1270
211 217 1280 1298
211 232 1307 1317
211 232 1321 1327
211 245 1339 1340
211 245 1347 1398
213 219 492 499
213 219 512 525
213 215 533 549
213 215 553 567
213 215 616 625
213 225 645 659
213 215 737 766
213 228 1105 1138
215 226 129 130
215 231 945 967
215 228 978 1043
216 222 533 546
216 222 550 552
216 232 588 608
216 246 623 625
216 224 698 736
216 224 774 784
218 224 1231 1255
218 224 1263 1264
218 224 1271 1279
218 232 1299 1306
220 247 377 382
220 247 402 423
220 222 500 511
220 222 526 527
221 226 131 180
221 265 205 206
223 239 480 499
223 239 512 525
223 239 528 532
223 232 547 549
223 232 553 555
225 225 660 697
225 225 737 773
225 225 785 795
225 232 1204 1230
225 232 1256 1262
225 232 1265 1270
226 246 698 736
226 247 774 784
227 239 71 128
227 239 147 180
229 231 978 1009
229 231 1044 1104
229 246 1148 1155
229 246 1161 1169
230 231 811 812
230 231 861 886
232 270 804 810
232 235 813 860
232 235 880 886
232 235 945 960
232 235 968 977
232 236 1010 1043
232 236 1105 1111
233 239 533 546
233 239 550 552
233 239 556 587
233 238 1231 1255
233 238 1263 1264
233 238 1271 1298
233 238 1318 1320
236 301 813 853
236 301 861 879
236 301 887 901
236 241 961 967
236 236 978 1004
237 241 972 977
237 241 1005 1009
237 241 1044 1104
237 246 1112 1122
239 245 1170 1230
239 245 1256 1262
239 245 1265 1270
239 245 1299 1317
240 335 71 80
240 259 129 146
240 259 157 180
240 247 443 479
240 247 500 511
240 244 526 527
240 244 547 549
240 244 553 555
240 255 588 593
242 265 902 960
242 265 968 971
242 265 978 1004
242 287 1010 1043
242 246 1053 1104
245 247 512 525
245 255 528 546
245 255 550 552
245 255 556 587
246 246 1170 1210
246 257 1231 1255
246 263 1263 1264
246 247 1271 1298
246 247 1318 1338
246 261 1341 1346
246 247 1362 1398
247 291 604 622
247 247 626 697
247 247 737 754
247 247 1053 1067
247 247 1105 1111
247 247 1123 1147
247 247 1156 1160
247 257 1211 1218
248 268 375 376
248 268 383 401
248 275 424 442
248 275 480 499
248 308 626 644
248 291 698 736
248 270 755 773
248 270 785 795
248 287 1052 1052
248 249 1068 1104
248 249 1112 1122
248 249 1148 1155
248 249 1161 1202
248 263 1265 1270
248 261 1299 1317
248 261 1339 1340
248 261 1362 1372
248 248 1406 1448
249 272 1406 1409
249 272 1449 1468
249 300 1482 1485
250 287 1068 1100
250 257 1105 1111
250 257 1123 1147
250 257 1156 1160
250 257 1177 1202
254 268 294 297
254 254 307 369
255 268 298 306
255 268 370 373
256 275 520 527
256 275 547 549
256 282 553 555
256 291 594 595
258 312 1112 1122
258 283 1148 1155
258 263 1161 1176
258 263 1203 1210
258 263 1219 1230
260 265 147 156
260 265 181 204
262 263 1299 1315
262 272 1318 1338
262 272 1347 1361
262 272 1373 1391
264 283 1156 1160
264 283 1177 1202
264 283 1211 1218
264 283 1231 1262
264 283 1271 1298
264 301 1307 1315
266 341 87 146
266 285 157 180
266 285 238 256
266 267 902 912
266 267 961 967
266 267 972 977
266 287 989 1004
268 287 913 960
268 287 968 971
269 285 273 293
269 294 307 369
269 295 377 382
269 275 402 423
271 291 737 754
271 301 774 784
271 307 796 803
271 307 811 812
273 300 1339 1346
273 300 1362 1372
273 300 1392 1405
273 300 1410 1448
276 282 443 479
276 282 500 519
276 282 528 546
276 282 550 552
283 295 411 442
283 295 480 499
283 295 520 527
283 291 547 549
283 291 556 561
284 300 1161 1176
284 300 1203 1210
284 300 1219 1230
284 301 1263 1270
286 341 149 156
286 294 181 237
286 294 257 272
286 294 294 299
288 301 913 936
288 292 961 967
288 292 972 988
288 292 1005 1009
288 307 1044 1051
288 307 1053 1067
288 307 1088 1100
292 315 550 555
292 315 562 593
292 357 596 603
292 301 755 773
293 302 949 960
293 302 968 971
293 302 989 1004
293 304 1010 1024
295 341 165 180
295 296 238 256
295 296 273 293
295 296 300 306
295 296 316 369
296 298 383 410
296 298 443 479
296 315 500 519
297 307 198 237
297 361 257 272
297 331 294 299
297 331 307 315
297 331 349 369
298 301 647 722
299 344 383 383
299 300 411 442
299 300 460 479
301 344 411 423
301 315 443 459
301 315 480 499
301 322 1157 1160
301 302 1177 1202
301 302 1211 1218
301 302 1231 1232
301 321 1339 1341
301 321 1347 1361
301 376 1373 1391
301 308 1406 1409
301 308 1449 1481
301 376 1486 1492
302 308 645 646
302 308 723 754
302 307 785 795
302 307 813 839
302 307 854 860
302 311 880 886
302 311 902 912
302 302 916 936
302 321 1271 1306
302 302 1316 1338
303 311 916 926
303 311 937 948
303 307 961 967
303 307 972 988
303 307 1003 1004
303 322 1203 1210
303 321 1219 1230
303 321 1233 1257
303 321 1316 1327
303 321 1334 1338
305 307 1013 1024
305 322 1161 1163
308 341 181 197
308 354 238 256
308 335 804 810
308 380 840 853
308 311 968 971
308 311 989 1002
308 312 1005 1012
308 312 1025 1043
308 312 1052 1052
308 312 1068 1087
308 312 1101 1111
309 322 623 625
309 310 647 722
309 335 755 773
309 376 1410 1448
311 322 647 652
311 322 723 728
312 380 854 879
312 335 887 901
312 317 913 915
312 317 927 936
312 317 949 967
312 312 972 988
312 312 1003 1004
313 317 989 1002
313 317 1013 1024
313 317 1044 1051
313 318 1053 1067
313 318 1088 1100
316 349 460 479
316 349 520 549
316 357 556 561
318 335 902 912
318 335 916 926
318 335 937 948
318 318 968 988
318 318 1003 1012
318 318 1025 1043
318 318 1052 1052
319 335 968 984
319 335 989 1002
319 334 1013 1024
319 334 1044 1051
319 322 1068 1087
319 322 1101 1135
322 322 1211 1218
322 341 1231 1232
322 341 1258 1270
322 360 1307 1315
322 360 1328 1333
322 360 1342 1346
323 357 604 622
323 327 626 646
323 327 653 722
323 335 729 754
323 323 1088 1100
323 323 1136 1156
323 323 1164 1202
324 329 1052 1087
324 329 1101 1135
324 329 1157 1163
328 380 626 627
328 384 647 652
328 335 704 722
330 334 1052 1085
330 334 1088 1100
330 353 1136 1156
330 353 1162 1163
332 344 284 293
332 344 300 306
332 340 316 348
332 340 360 369
335 335 1013 1016
335 335 1025 1043
335 338 1086 1087
335 338 1093 1100
336 382 6 70
336 347 81 81
336 384 675 703
336 384 723 728
336 411 774 803
336 380 811 825
336 408 887 892
336 394 913 915
336 394 927 936
336 363 949 967
336 338 985 988
336 338 1003 1012
336 338 1017 1024
339 363 973 984
339 363 989 1002
339 363 1013 1016
339 353 1025 1085
339 353 1088 1092
339 353 1101 1123
341 344 307 315
341 344 349 359
341 344 370 382
342 347 147 148
342 347 157 164
342 347 198 237
342 353 1204 1230
342 356 1233 1257
342 356 1271 1279
345 361 273 283
345 361 294 299
345 362 316 348
345 362 360 369
345 349 384 410
348 354 82 146
348 354 149 156
348 354 165 197
348 354 232 237
350 362 384 394
350 358 411 459
350 358 480 519
350 358 546 549
354 357 1025 1067
354 357 1086 1087
354 357 1093 1100
354 356 1124 1135
354 356 1157 1161
354 356 1164 1203
354 356 1219 1230
355 377 82 102
355 374 147 148
355 361 157 164
355 361 198 231
355 361 254 256
357 364 1119 1123
357 364 1136 1156
357 378 1162 1163
357 429 1195 1203
357 441 1219 1222
357 368 1231 1232
357 368 1258 1270
357 360 1280 1298
358 358 550 555
358 380 562 595
358 380 623 625
358 363 1023 1024
358 363 1068 1085
358 364 1088 1092
358 364 1099 1100
359 394 460 479
359 373 520 545
359 380 556 561
361 368 1271 1279
361 368 1299 1306
361 378 1316 1327
361 393 1334 1341
362 374 149 156
362 364 165 197
362 364 232 253
362 362 284 293
363 370 261 283
363 366 294 315
363 366 349 359
363 394 370 383
363 394 395 411
364 394 937 948
364 365 968 972
364 365 985 988
364 365 1003 1012
364 365 1017 1022
364 365 1025 1067
364 364 1086 1087
365 374 161 164
365 370 198 231
365 370 237 253
365 380 1084 1085
365 380 1093 1098
365 378 1101 1118
365 378 1124 1135
365 378 1157 1159
366 394 973 984
366 411 989 1002
366 380 1013 1016
366 380 1023 1024
366 380 1044 1067
367 370 286 293
367 372 316 348
367 396 360 361
369 393 1233 1257
369 378 1280 1298
371 374 165 197
371 372 232 236
371 372 254 260
371 372 284 285
371 372 294 315
373 374 198 231
373 374 237 253
373 374 261 283
373 384 286 293
374 380 480 519
374 380 546 555
375 377 112 146
375 393 157 160
375 430 232 236
375 384 254 260
375 384 263 283
377 393 1342 1372
377 393 1392 1409
377 399 1449 1485
378 382 71 81
378 390 103 111
379 380 1101 1114
379 380 1119 1123
379 380 1136 1156
379 380 1160 1161
379 400 1164 1176
379 393 1266 1279
379 393 1299 1315
381 394 480 491
381 394 520 545
381 413 596 622
381 384 628 642
381 382 826 839
381 408 880 886
381 411 1017 1022
381 411 1025 1043
381 394 1068 1083
381 394 1086 1092
381 394 1099 1100
381 394 1115 1118
381 394 1124 1135
381 400 1157 1159
381 400 1162 1163
383 411 804 825
383 408 840 879
385 430 252 253
385 438 261 262
385 438 284 285
385 404 294 327
385 413 623 627
385 413 643 646
385 407 653 674
385 407 704 722
385 411 729 773
391 393 81 102
391 393 112 156
394 422 27 80
394 422 103 111
394 422 161 177
394 441 1233 1245
394 441 1258 1265
394 427 1280 1298
394 412 1316 1333
394 398 1373 1391
394 398 1397 1409
395 396 370 373
395 396 384 394
395 396 412 459
395 402 492 519
395 406 525 545
395 408 902 912
395 408 916 926
395 411 949 972
395 414 1053 1067
395 414 1084 1085
395 414 1093 1098
395 400 1101 1114
395 400 1119 1123
397 402 345 359
397 402 362 369
397 402 374 383
397 402 395 411
397 402 421 459
399 427 1392 1396
399 399 1410 1448
401 414 1115 1118
401 424 1124 1156
401 429 1160 1161
403 404 345 355
403 404 360 361
403 438 370 373
403 438 384 394
403 425 412 420
403 425 460 491
403 425 507 519
405 438 328 344
405 438 356 359
405 438 362 369
407 425 520 524
407 456 546 595
408 411 675 703
408 411 723 728
409 432 840 871
409 411 893 901
409 411 913 915
409 411 927 947
412 448 704 722
412 432 902 912
412 416 916 926
412 416 948 948
412 414 973 988
412 414 1003 1016
412 414 1023 1024
413 427 1334 1391
414 456 596 601
414 456 628 642
414 448 647 677
415 417 989 1002
415 417 1017 1022
415 417 1025 1052
415 424 1068 1083
415 424 1086 1092
415 424 1099 1114
415 424 1119 1123
417 417 913 915
417 417 927 947
417 417 949 988
418 432 913 914
418 432 916 926
418 432 948 948
418 443 1003 1016
418 443 1023 1024
418 424 1053 1065
423 469 27 29
423 423 81 102
423 423 112 160
423 423 178 180
424 430 103 111
424 430 161 177
424 430 181 231
425 485 1053 1059
425 485 1066 1067
425 429 1084 1085
425 429 1093 1098
425 429 1115 1118
425 429 1136 1156
426 438 395 411
426 449 421 459
426 456 492 506
426 456 525 545
428 441 1280 1295
428 441 1299 1333
428 443 1397 1446
430 438 1068 1083
430 438 1086 1092
430 438 1099 1114
430 438 1119 1135
430 441 1157 1159
430 441 1162 1194
430 441 1204 1218
431 450 112 160
431 450 178 180
431 450 237 251
433 433 833 839
433 433 872 901
433 433 915 915
433 433 927 947
433 433 949 983
434 437 824 832
434 437 840 871
434 447 902 914
434 447 916 926
434 447 948 948
434 443 975 983
438 513 731 823
438 508 833 839
438 452 872 881
439 503 263 283
439 482 286 327
439 482 345 355
439 478 360 361
439 470 374 383
439 485 1068 1071
439 485 1084 1085
439 480 1093 1098
439 441 1115 1118
439 441 1136 1147
442 450 1111 1114
442 450 1119 1135
442 450 1148 1156
442 450 1160 1161
442 451 1195 1203
442 451 1223 1232
442 454 1234 1245
442 453 1258 1261
442 453 1266 1279
442 453 1296 1298
442 453 1334 1384
444 447 949 974
444 447 984 1002
444 447 1017 1022
444 503 1397 1404
444 542 1447 1480
448 452 894 901
448 452 915 915
448 453 927 947
448 462 975 983
448 453 1003 1016
448 453 1023 1044
449 461 678 703
450 470 384 420
451 498 161 177
451 469 181 236
451 503 252 262
451 480 1106 1110
451 454 1115 1118
451 454 1136 1147
451 451 1157 1159
451 451 1162 1181
452 454 1160 1161
452 454 1182 1194
452 454 1204 1222
453 508 840 871
453 508 882 893
453 462 902 914
454 462 948 968
454 470 1017 1022
454 454 1262 1265
454 468 1280 1295
454 468 1299 1310
454 469 1385 1386
455 480 1119 1135
455 480 1148 1159
455 507 1162 1181
455 517 1195 1203
455 468 1223 1233
455 468 1246 1261
457 470 507 524
457 466 602 627
462 478 653 677
462 487 704 728
463 470 902 905
463 470 915 947
463 470 969 974
463 470 982 983
467 563 558 601
467 478 628 633
469 492 1213 1222
469 492 1234 1245
469 469 1262 1279
469 469 1296 1298
469 469 1311 1363
470 486 30 129
470 498 178 180
470 503 206 236
470 492 1246 1261
470 507 1280 1295
470 503 1299 1310
470 503 1364 1384
470 503 1387 1396
471 478 421 506
471 508 906 914
471 493 948 968
471 493 975 981
471 493 984 1016
471 485 1023 1052
479 482 356 359
479 482 362 420
479 514 634 652
479 487 678 703
481 485 1086 1092
481 514 1099 1105
481 514 1111 1118
481 507 1136 1147
481 507 1160 1161
483 503 284 285
483 505 328 344
483 519 362 376
483 496 421 527
486 493 1017 1022
486 493 1060 1065
486 508 1072 1083
487 533 6 29
487 498 82 129
488 514 653 677
493 517 1204 1212
493 507 1223 1233
493 507 1262 1279
494 508 915 947
494 508 969 974
494 508 982 983
494 508 1023 1059
497 519 396 420
497 558 472 527
499 533 30 81
499 553 130 160
504 505 171 205
504 505 237 251
504 505 286 321
504 507 1296 1298
504 517 1311 1363
504 542 1385 1386
504 542 1405 1446
506 515 171 203
506 515 206 236
506 512 252 285
506 517 322 327
506 517 345 354
508 515 1119 1135
508 515 1148 1159
508 517 1182 1194
508 544 1234 1261
509 509 872 881
509 509 894 905
509 509 948 968
509 523 975 981
509 514 1060 1071
509 514 1084 1098
510 513 824 871
510 534 882 893
510 523 906 947
510 523 969 974
513 542 240 251
513 517 286 315
514 534 872 881
515 562 634 646
515 542 678 797
515 523 1038 1059
515 575 1072 1083
515 515 1106 1110
515 515 1114 1118
516 553 161 170
516 553 204 205
516 575 1084 1105
516 517 1111 1113
516 517 1136 1147
518 519 316 321
518 519 328 344
518 519 355 361
518 575 1114 1135
518 588 1148 1181
518 544 1213 1233
518 544 1262 1310
518 542 1364 1384
520 535 285 315
520 535 322 327
520 547 345 354
520 547 377 395
520 558 421 435
524 542 894 905
524 535 948 968
524 535 982 1037
524 580 1045 1059
535 542 807 871
535 542 883 893
536 542 252 284
536 542 316 321
536 542 937 947
536 581 969 981
536 580 1013 1037
543 566 240 243
543 549 285 315
543 549 320 321
543 547 678 795
543 547 798 806
543 547 872 882
543 547 906 936
543 559 947 947
543 544 1328 1363
543 586 1387 1404
543 594 1479 1480
545 561 1311 1327
548 549 355 376
548 558 396 420
548 550 678 785
548 550 796 797
548 550 807 871
548 559 883 905
550 566 285 312
550 566 316 319
550 566 322 354
550 558 377 388
551 553 678 771
551 553 786 795
551 589 798 806
551 601 848 871
554 575 130 138
554 566 171 203
554 566 206 214
554 558 678 715
554 589 772 785
554 589 792 795
559 595 389 395
559 601 436 471
559 562 653 677
559 562 716 728
560 615 872 882
560 581 906 946
562 562 1293 1310
562 562 1328 1368
563 564 606 633
563 564 647 652
563 590 678 715
563 589 729 756
563 586 1293 1308
563 586 1311 1327
563 586 1369 1384
564 700 528 557
564 564 602 603
565 617 604 605
565 624 634 646
565 590 653 677
567 575 171 199
567 579 204 205
567 579 215 239
567 579 244 284
567 579 313 315
567 579 320 321
567 581 351 354
576 614 47 129
576 614 139 170
576 579 198 199
576 580 1060 1071
576 580 1106 1113
580 614 171 197
580 620 200 203
580 581 206 214
580 581 240 243
580 581 285 312
580 581 316 319
581 581 994 1012
581 581 1038 1044
581 589 1072 1105
581 589 1114 1144
582 620 204 205
582 642 215 239
582 603 244 284
582 595 313 315
582 595 320 350
582 615 895 905
582 596 947 968
582 588 982 993
582 588 1013 1037
582 588 1045 1045
587 588 1285 1292
587 588 1309 1310
587 604 1328 1368
587 604 1385 1386
587 594 1405 1435
589 596 982 990
589 596 994 1012
589 604 1038 1044
589 606 1046 1066
589 601 1148 1176
589 631 1182 1284
589 611 1293 1308
589 604 1311 1327
590 590 729 732
590 590 757 771
590 590 786 791
590 590 796 797
590 601 807 808
590 601 1106 1113
590 601 1145 1147
591 638 647 652
591 632 716 728
591 632 733 756
591 632 772 785
591 601 792 795
595 611 1436 1478
596 603 285 312
596 603 316 319
596 601 351 388
596 601 396 435
597 609 928 946
597 604 969 981
597 604 991 993
597 604 1004 1012
602 603 351 365
602 603 389 395
602 624 472 516
602 623 792 792
602 618 796 806
602 618 809 847
602 615 869 871
602 631 1114 1144
602 631 1177 1181
604 642 244 258
604 642 313 315
604 625 320 350
604 625 366 388
604 625 396 409
605 609 982 990
605 606 994 1003
605 606 1013 1037
605 611 1369 1384
607 649 1004 1012
607 651 1038 1045
607 631 1067 1069
610 613 947 981
610 615 991 1003
612 662 1293 1299
612 618 1309 1368
612 618 1385 1435
612 618 1451 1478
614 615 906 946
615 642 25 46
615 620 130 138
615 620 176 197
616 618 850 868
616 618 883 894
616 649 947 990
616 649 1001 1003
618 700 558 603
618 624 606 633
619 623 807 808
619 623 848 849
619 623 869 882
619 623 895 946
619 662 1309 1327
619 662 1369 1384
619 667 1436 1450
621 642 139 175
621 647 198 199
624 632 786 791
624 632 793 806
624 631 809 847
624 628 850 868
624 628 883 894
624 628 937 946
625 625 472 491
625 700 517 527
625 700 604 605
625 638 643 646
626 642 320 324
626 670 351 365
626 670 389 395
626 647 410 471
626 677 476 491
629 631 850 866
629 631 869 882
629 631 895 936
629 649 943 946
632 632 809 839
632 632 848 849
632 632 867 868
632 636 883 894
632 649 916 936
632 656 1046 1066
632 656 1070 1113
632 648 1145 1176
632 664 1197 1284
633 641 716 716
633 638 729 732
633 641 757 771
633 649 792 792
633 649 807 808
633 636 840 847
633 636 850 866
633 636 868 868
637 649 820 839
637 649 848 849
637 649 867 867
637 649 869 882
637 650 895 895
639 641 606 642
639 641 733 756
642 700 606 609
642 675 643 715
642 675 717 732
642 649 761 771
643 718 14 24
643 651 47 138
643 647 165 175
643 647 200 214
643 647 240 243
643 647 259 312
643 670 316 319
643 670 325 350
648 651 161 164
648 651 176 197
648 677 215 239
648 663 244 258
648 663 312 312
648 670 396 409
649 656 1121 1144
649 664 1177 1196
650 675 746 760
650 658 772 791
650 658 793 806
650 658 809 819
650 658 840 847
650 650 850 866
650 650 868 868
650 650 875 882
650 650 897 915
650 657 937 942
650 651 991 1000
650 651 1013 1025
651 663 867 867
651 663 869 874
651 663 883 894
651 657 896 896
651 657 916 925
652 690 139 160
652 677 165 175
652 657 967 990
652 656 1001 1012
652 656 1026 1037
652 656 1043 1045
657 657 994 1000
657 657 1013 1025
657 657 1038 1042
657 665 1067 1069
657 691 1114 1120
658 663 895 895
658 663 897 915
658 662 926 936
658 662 943 966
658 662 991 993
658 662 1001 1012
658 671 1026 1037
658 665 1043 1045
659 675 770 771
659 675 792 792
659 669 807 808
659 669 820 839
659 663 846 847
663 663 937 942
663 663 967 990
663 671 994 1000
663 671 1002 1012
663 664 1285 1292
663 664 1300 1308
663 678 1328 1368
663 667 1385 1435
664 677 240 243
664 670 259 311
664 670 313 315
664 669 842 845
664 669 848 866
664 669 868 868
664 669 875 882
664 671 896 896
664 671 916 936
664 671 943 966
664 671 991 992
665 682 1293 1299
665 678 1309 1327
666 674 1038 1042
666 674 1046 1066
666 674 1070 1113
668 678 1371 1384
668 678 1447 1450
670 675 804 806
670 675 809 819
670 675 840 841
670 675 846 847
670 681 867 867
670 681 869 874
670 681 880 882
671 679 259 274
671 679 312 312
671 679 320 324
671 677 366 388
671 677 410 425
672 681 886 895
672 681 897 915
672 674 937 942
672 674 967 990
672 674 993 993
672 674 1001 1001
672 674 1013 1025
672 674 1037 1037
675 681 935 936
675 681 943 966
675 686 991 992
675 686 994 1000
675 686 1002 1012
675 691 1026 1036
675 691 1043 1045
675 691 1067 1069
675 691 1086 1113
676 717 643 698
676 704 716 716
676 704 733 745
676 704 761 769
676 701 772 791
676 701 793 803
676 685 807 808
676 681 820 839
676 681 842 845
676 681 848 849
678 690 165 170
678 696 176 214
678 693 244 246
678 679 389 409
678 692 426 475
678 700 492 516
679 679 1369 1370
679 679 1385 1446
679 723 1451 1459
680 693 275 311
680 693 313 319
680 692 325 388
680 682 1310 1368
680 682 1371 1384
680 682 1386 1446
682 685 816 819
682 685 840 841
682 685 846 847
682 685 850 866
682 685 868 868
682 685 875 879
682 691 883 885
682 691 896 896
682 691 916 934
682 686 937 942
683 683 1261 1292
683 683 1300 1309
683 683 1369 1370
683 683 1385 1385
683 687 1412 1446
684 711 1258 1260
684 704 1293 1299
684 687 1310 1368
684 687 1371 1384
684 687 1386 1408
686 701 809 815
686 694 820 839
686 694 842 845
686 694 848 849
686 691 867 867
686 691 869 874
686 691 880 882
687 691 943 990
687 691 993 993
687 693 1001 1001
688 704 1300 1309
688 713 1369 1370
688 723 1385 1385
688 723 1409 1411
688 723 1447 1450
691 696 25 138
691 696 161 164
691 696 171 175
692 694 850 866
692 694 868 868
692 694 875 879
692 694 886 895
692 694 897 915
692 694 935 942
692 715 991 992
692 715 994 1000
692 725 1019 1025
692 692 1037 1042
692 692 1046 1066
692 692 1070 1085
692 707 1121 1169
693 700 325 365
693 701 389 425
693 701 442 475
693 739 1037 1038
693 739 1043 1045
693 707 1067 1069
693 693 1086 1114
694 713 247 274
694 738 312 312
694 715 1002 1014
694 707 1077 1085
694 707 1091 1114
695 701 820 829
695 701 840 841
695 701 846 847
695 708 867 867
695 725 869 874
695 739 880 885
695 739 896 896
695 715 916 934
695 715 943 980
697 706 25 131
697 704 139 160
697 704 165 170
697 704 208 214
701 738 313 324
701 701 366 388
701 717 610 642
702 738 325 365
702 746 426 441
702 708 792 792
702 708 804 808
702 708 816 819
702 708 830 839
702 708 842 845
705 718 161 164
705 723 171 207
705 708 717 732
705 708 746 760
705 708 770 791
705 711 1265 1292
705 712 1310 1340
707 718 25 41
707 708 118 131
708 739 1046 1066
708 750 1070 1076
708 767 1086 1090
708 711 1115 1120
708 711 1170 1196
709 718 66 117
709 718 132 141
709 717 733 745
709 725 761 769
709 725 793 803
709 725 809 815
709 725 820 829
709 725 840 841
709 725 846 866
712 767 1093 1114
712 767 1121 1155
712 758 1169 1169
712 758 1197 1257
712 759 1261 1264
712 712 1293 1306
713 713 1307 1309
713 713 1341 1368
714 723 208 246
714 723 275 283
714 723 1307 1308
714 723 1310 1340
714 723 1371 1384
715 729 528 603
716 725 916 927
716 725 935 942
716 725 981 990
716 725 993 993
716 725 1001 1001
716 725 1004 1014
718 724 699 732
718 724 746 760
719 764 42 65
719 764 118 131
719 781 142 160
724 781 161 170
724 738 247 274
724 738 284 311
724 750 1303 1306
724 750 1309 1309
724 731 1341 1370
724 731 1386 1408
724 749 1412 1446
724 749 1454 1459
725 766 672 698
725 740 733 745
725 725 748 760
726 740 746 747
726 740 770 792
726 740 804 808
726 752 816 819
726 748 830 839
726 739 842 845
726 739 867 868
726 739 897 915
726 739 928 934
726 729 943 980
726 729 991 992
726 729 994 1000
726 729 1002 1003
726 729 1015 1018
730 746 456 527
730 775 532 603
730 739 943 950
730 739 981 990
730 739 993 993
730 739 1001 1001
730 739 1004 1014
730 739 1019 1026
732 750 1316 1340
732 750 1371 1385
732 749 1392 1408
739 811 204 246
739 746 275 283
739 746 355 365
740 748 846 866
740 748 869 879
740 747 886 895
740 747 916 927
740 748 935 942
740 748 951 980
740 750 994 1000
740 750 1002 1003
740 747 1015 1018
740 747 1027 1036
740 750 1039 1042
741 751 748 769
741 752 793 803
747 765 284 354
747 765 366 405
747 765 442 455
747 765 482 527
748 748 896 915
748 750 1004 1014
748 750 1019 1026
749 752 821 829
749 752 840 845
749 752 867 868
749 757 880 895
749 757 916 934
749 750 943 950
749 750 972 980
750 750 1389 1391
750 750 1409 1411
750 754 1447 1453
750 794 1460 1464
751 757 935 942
751 757 951 971
751 760 981 993
751 757 1001 1001
751 757 1015 1018
751 757 1027 1038
751 757 1043 1069
751 767 1077 1085
751 757 1293 1302
751 757 1307 1308
751 754 1310 1315
751 754 1341 1370
751 754 1386 1388
751 754 1392 1408
751 754 1412 1443
752 766 699 747
752 809 770 781
752 752 850 857
753 809 804 815
753 757 820 820
753 757 830 839
753 757 846 849
753 757 858 866
755 757 1309 1309
755 757 1316 1340
755 758 1371 1385
755 758 1389 1391
755 758 1409 1411
755 794 1444 1446
755 794 1454 1459
758 809 816 819
758 787 821 829
758 782 840 845
758 782 850 857
758 779 867 879
758 779 896 915
758 760 943 950
758 760 967 971
758 760 994 1000
758 760 1002 1014
758 767 1019 1026
758 767 1039 1042
758 759 1293 1293
758 759 1303 1306
758 758 1310 1315
758 758 1341 1369
759 767 1163 1168
759 787 1170 1196
759 759 1258 1260
759 759 1310 1313
759 759 1316 1340
759 759 1370 1370
759 759 1386 1388
759 759 1392 1408
760 787 1265 1292
760 787 1294 1302
760 799 1307 1309
760 794 1314 1315
760 779 1341 1369
760 779 1371 1385
760 779 1389 1391
761 779 928 942
761 813 951 966
761 802 972 980
761 802 1001 1001
761 802 1004 1014
765 781 42 48
765 781 66 117
765 781 125 131
766 811 284 343
766 844 355 365
766 809 406 441
766 783 456 481
766 783 495 527
767 917 656 671
767 832 732 747
768 782 1027 1038
768 782 1043 1076
768 782 1091 1092
768 862 1115 1120
768 787 1156 1162
768 787 1169 1169
771 787 830 834
771 802 981 985
776 783 528 531
780 782 880 895
780 801 916 927
780 794 1341 1349
780 799 1370 1370
780 799 1386 1388
780 799 1392 1425
782 857 33 41
782 865 49 65
782 857 118 124
782 847 132 141
782 828 171 183
783 787 846 849
783 787 858 879
783 801 896 915
783 802 1027 1036
783 802 1039 1042
783 824 1077 1090
783 824 1093 1112
784 809 456 477
784 809 482 494
784 820 532 553
788 809 820 820
788 809 835 845
788 801 850 857
788 801 880 895
788 799 1163 1168
788 834 1197 1264
788 826 1293 1293
788 799 1303 1306
795 799 1314 1314
795 799 1316 1340
795 799 1350 1367
795 799 1447 1453
795 870 1465 1465
800 862 1121 1162
800 834 1169 1196
800 826 1310 1313
800 826 1315 1315
800 826 1341 1349
800 826 1368 1369
800 818 1371 1385
800 818 1389 1391
800 818 1426 1446
802 820 858 879
802 813 926 927
803 813 967 971
803 813 986 1000
803 824 1002 1003
803 824 1015 1026
803 824 1037 1038
810 820 377 405
810 820 442 455
810 820 478 481
810 820 495 527
810 857 782 803
810 820 821 834
812 814 204 227
812 814 247 283
812 814 304 343
814 824 928 950
814 824 972 985
814 824 1001 1001
815 828 228 246
815 876 284 303
815 844 344 354
819 826 1386 1388
819 826 1392 1425
821 843 377 394
821 843 406 441
821 841 456 477
821 841 482 494
821 880 528 531
821 934 546 553
821 851 804 820
821 824 835 857
825 851 821 834
825 846 858 927
825 846 951 952
825 864 986 1000
825 844 1004 1014
825 864 1027 1036
825 843 1039 1076
825 843 1091 1092
825 843 1104 1112
827 834 1294 1309
827 830 1314 1314
827 830 1316 1340
827 830 1350 1367
827 830 1370 1385
827 856 1389 1391
827 856 1426 1443
829 837 184 227
831 834 1310 1313
831 855 1315 1315
831 870 1341 1349
831 856 1368 1369
833 847 678 731
833 847 748 753
835 862 1163 1168
835 855 1265 1293
838 847 184 192
838 864 228 268
842 844 306 343
842 880 456 456
842 880 478 481
844 844 366 376
844 885 395 405
844 844 1077 1090
844 862 1093 1103
844 862 1113 1114
845 895 306 314
845 885 377 390
845 864 1001 1003
847 851 835 857
847 851 928 950
847 851 953 985
848 857 142 183
848 876 193 207
848 875 678 690
848 875 732 747
848 904 754 766
852 857 804 812
852 857 858 927
852 865 951 952
852 866 964 985
856 908 1294 1314
856 870 1316 1340
857 870 1366 1367
857 870 1370 1388
857 870 1392 1425
857 870 1442 1443
858 859 125 141
858 902 782 785
858 902 813 857
858 865 928 936
860 865 66 124
863 886 1104 1112
865 876 208 227
865 876 269 283
865 866 986 988
865 871 1004 1026
865 886 1037 1064
866 1016 33 48
866 886 94 108
866 876 125 169
866 871 879 927
866 866 937 950
866 866 953 954
867 871 928 936
867 871 951 952
867 871 955 963
867 871 989 1003
871 908 1315 1315
871 882 1350 1365
871 882 1368 1369
871 882 1389 1391
871 900 1426 1441
871 900 1444 1464
872 927 879 885
872 927 937 950
872 880 953 954
872 880 964 988
872 900 1027 1036
876 917 672 677
876 904 691 731
877 879 125 150
877 879 170 192
877 879 228 268
877 895 302 303
880 886 125 139
880 892 151 169
880 892 193 227
880 904 269 290
881 885 457 477
881 885 482 527
881 927 951 952
881 900 955 963
881 900 989 1026
883 908 1316 1349
883 908 1366 1367
883 921 1370 1388
886 894 391 394
886 894 406 456
886 896 478 481
887 895 68 93
887 895 109 124
887 892 140 143
887 900 1037 1049
887 900 1065 1103
887 894 1113 1200
893 895 131 139
893 895 144 150
893 895 170 192
893 895 207 227
895 895 359 390
895 895 395 405
895 895 435 456
895 909 1104 1112
895 906 1180 1200
896 915 68 80
896 915 94 108
896 914 125 130
896 914 140 143
896 914 151 169
896 914 193 206
896 952 228 231
896 904 291 301
896 904 304 305
896 904 315 358
896 905 391 394
896 896 406 434
896 896 442 456
897 905 395 405
897 897 435 441
897 897 457 477
897 934 482 545
898 905 406 434
898 917 442 456
898 934 478 481
901 927 953 954
901 908 964 988
901 909 1050 1064
901 921 1389 1425
901 931 1442 1443
903 904 786 812
905 952 269 279
905 905 302 303
905 905 306 314
905 905 356 358
905 917 691 713
905 922 732 753
905 922 767 785
905 927 813 864
906 952 281 301
906 959 304 305
906 917 315 355
906 917 359 390
906 917 432 434
907 909 1149 1179
907 909 1201 1224
909 927 957 963
909 947 989 1032
909 921 1350 1365
909 921 1368 1369
910 933 1050 1051
910 933 1065 1103
910 916 1113 1148
910 916 1180 1200
910 916 1203 1224
915 915 120 124
915 918 131 139
915 918 144 150
915 918 170 192
915 952 196 206
916 946 49 67
916 946 81 93
916 918 109 119
917 962 1113 1122
917 935 1149 1179
917 935 1201 1202
917 992 1225 1273
918 958 306 314
918 958 356 358
918 971 391 431
918 971 435 441
918 922 678 690
918 922 714 731
919 946 108 108
919 946 120 130
919 955 140 143
919 952 151 169
919 952 184 192
922 922 1281 1349
922 922 1366 1367
922 931 1426 1431
923 940 639 677
923 940 691 713
923 980 754 766
923 933 786 789
923 931 1281 1340
923 930 1350 1365
923 930 1368 1416
928 933 865 878
928 933 886 936
928 947 955 956
931 931 1366 1367
931 931 1417 1425
932 994 1281 1330
932 997 1341 1365
932 945 1368 1416
932 945 1432 1441
932 1007 1444 1481
934 980 790 864
934 985 879 885
934 950 1037 1049
934 950 1052 1064
934 962 1104 1112
936 962 1146 1148
936 962 1180 1200
936 992 1203 1221
941 1010 553 638
941 966 678 690
941 966 704 713
946 997 1417 1431
946 1007 1442 1443
947 1016 49 62
947 1016 68 80
947 971 94 107
947 971 109 119
947 971 131 138
948 961 886 954
948 950 957 988
948 950 1033 1036
951 961 957 978
951 952 989 1032
951 952 1050 1051
951 952 1055 1064
953 955 170 183
953 955 193 195
953 955 207 227
953 955 232 268
953 955 280 280
953 961 989 1013
953 961 1033 1049
953 961 1052 1054
953 961 1065 1089
956 971 144 169
956 971 184 192
956 971 196 206
956 959 228 231
956 959 269 279
956 959 281 290
959 959 306 311
959 959 315 355
959 959 359 387
960 971 210 227
960 962 232 268
960 962 280 280
960 962 291 303
960 971 312 314
960 971 356 358
960 971 361 387
962 985 886 920
962 985 955 956
962 1037 979 988
962 1015 1014 1032
962 962 1050 1051
962 962 1055 1064
962 962 1072 1089
963 971 228 231
963 992 269 279
963 981 281 290
963 985 1052 1054
963 985 1065 1071
963 967 1090 1103
963 967 1123 1145
963 967 1149 1179
967 998 642 677
967 983 691 703
967 980 714 717
968 985 1077 1089
968 985 1104 1122
968 985 1146 1148
968 985 1153 1179
972 1016 81 93
972 1037 108 108
972 1016 120 130
972 1016 139 143
972 992 170 183
972 988 193 195
972 988 207 209
972 981 291 311
972 981 315 355
972 981 359 360
972 981 388 390
972 1004 432 434
981 983 718 753
981 998 767 789
982 1035 312 314
982 995 356 358
982 995 361 387
982 1004 391 431
984 998 678 690
984 1007 704 717
986 994 810 878
986 994 921 954
986 994 957 960
986 1015 1055 1064
986 1023 1072 1076
986 1023 1090 1103
986 992 1123 1145
986 992 1149 1152
986 992 1180 1202
989 992 196 206
989 992 210 268
993 996 152 169
993 996 184 195
993 996 207 209
993 996 280 302
993 994 1146 1148
993 994 1153 1179
993 994 1222 1224
995 1016 879 920
995 1037 955 956
995 1045 1145 1145
995 1045 1149 1152
995 996 1180 1221
995 996 1225 1280
995 997 1296 1330
996 1035 315 355
996 1035 359 360
996 1043 388 390
997 1016 152 152
997 1042 170 183
997 1043 196 206
997 1035 210 279
997 1035 303 303
997 1053 1180 1202
997 1008 1222 1224
997 1008 1279 1280
998 1008 1281 1295
998 1007 1331 1340
998 1046 1366 1416
999 1007 639 641
1005 1043 391 392
1005 1010 435 468
1008 1014 639 640
1008 1014 642 703
1008 1029 717 717
1008 1008 1341 1365
1009 1053 1210 1221
1009 1052 1225 1278
1009 1047 1296 1340
1009 1046 1361 1365
1011 1023 435 455
1011 1023 469 552
1011 1014 607 638
1015 1016 599 606
1015 1016 641 641
1015 1016 675 703
1016 1037 989 1013
1016 1023 1033 1054
1017 1042 63 67
1017 1037 109 119
1017 1037 131 138
1017 1042 144 151
1017 1042 153 169
1017 1023 553 598
1017 1052 607 640
1017 1052 642 674
1017 1037 921 954
1024 1043 428 434
1024 1043 456 468
1024 1052 579 598
1024 1037 1033 1033
1024 1037 1055 1071
1024 1049 1077 1089
1024 1045 1104 1109
1030 1050 711 716
1030 1040 718 786
1036 1044 280 302
1036 1044 304 311
1036 1043 356 358
1038 1042 68 107
1038 1042 120 130
1038 1042 139 143
1038 1059 957 978
1038 1059 1014 1032
1038 1049 1034 1054
1041 1075 498 573
1041 1050 718 774
1041 1050 787 850
1043 1104 22 62
1043 1069 108 119
1043 1043 131 138
1043 1043 152 152
1043 1043 173 183
1044 1065 139 151
1044 1044 153 172
1044 1044 184 195
1044 1047 327 355
1044 1045 359 387
1044 1045 393 427
1044 1099 435 455
1044 1086 469 477
1045 1065 153 169
1045 1049 173 183
1045 1049 196 279
1045 1049 303 303
1045 1049 312 320
1046 1047 388 392
1046 1099 428 434
1046 1049 1110 1144
1046 1053 1146 1148
1046 1053 1153 1179
1047 1047 1347 1360
1047 1047 1417 1497
1048 1055 327 348
1048 1056 356 387
1048 1056 393 424
1048 1052 1296 1334
1048 1052 1341 1346
1048 1052 1361 1416
1048 1122 1486 1497
1050 1065 171 172
1050 1065 184 195
1050 1055 280 302
1050 1055 304 311
1050 1055 321 321
1050 1064 1034 1049
1050 1050 1055 1076
1050 1050 1090 1109
1050 1050 1126 1144
1051 1052 703 710
1051 1052 717 717
1051 1054 775 786
1051 1055 851 853
1051 1100 1053 1054
1051 1100 1077 1089
1051 1096 1110 1125
1051 1053 1129 1144
1053 1075 579 586
1053 1075 599 606
1053 1075 641 641
1053 1054 675 702
1053 1054 711 716
1053 1054 718 737
1053 1070 1225 1240
1053 1070 1279 1295
1053 1073 1335 1340
1053 1073 1347 1360
1053 1073 1392 1416
1054 1096 1129 1137
1054 1070 1145 1145
1054 1057 1149 1152
1054 1057 1203 1209
1054 1057 1214 1221
1055 1075 675 700
1055 1088 703 710
1055 1088 717 717
1055 1055 738 774
1055 1055 777 786
1056 1056 303 303
1056 1056 312 320
1056 1056 322 326
1056 1056 349 355
1056 1061 738 763
1056 1061 775 776
1056 1061 787 850
1056 1061 854 914
1057 1058 273 302
1057 1058 304 311
1057 1058 321 321
1057 1058 327 348
1057 1074 388 392
1057 1119 424 424
1058 1070 1153 1202
1058 1070 1210 1213
1058 1070 1222 1224
1059 1068 255 272
1059 1072 303 303
1059 1074 312 320
1059 1074 322 326
1059 1074 331 348
1060 1063 979 1013
1062 1088 719 737
1062 1072 764 774
1062 1072 777 786
1062 1070 810 850
1062 1070 854 869
1062 1063 915 960
1064 1070 879 914
1064 1064 961 978
1064 1064 1014 1029
1065 1101 961 963
1065 1100 979 1013
1065 1100 1030 1033
1065 1100 1040 1049
1066 1069 120 138
1066 1068 152 152
1066 1068 170 170
1066 1068 173 183
1069 1069 153 169
1069 1069 171 172
1069 1072 184 254
1069 1072 273 302
1070 1095 139 152
1070 1072 170 170
1070 1072 173 183
1071 1126 851 853
1071 1131 870 878
1071 1101 915 960
1071 1086 1146 1152
1071 1081 1203 1209
1071 1081 1214 1221
1071 1081 1241 1278
1073 1086 153 169
1073 1086 171 172
1073 1074 255 272
1073 1088 741 763
1073 1100 775 776
1073 1126 787 816
1074 1084 1283 1334
1074 1084 1347 1358
1074 1110 1361 1391
1075 1086 247 254
1075 1086 273 311
1075 1092 321 321
1075 1092 327 330
1075 1085 349 387
1075 1085 393 397
1076 1086 498 537
1076 1086 574 578
1076 1086 587 598
1076 1094 607 640
1076 1094 642 674
1076 1088 689 700
1082 1086 1210 1213
1082 1096 1222 1240
1085 1086 1190 1209
1085 1110 1266 1282
1085 1110 1335 1346
1085 1110 1359 1360
1086 1109 348 348
1086 1119 388 392
1086 1119 398 423
1087 1095 153 155
1087 1095 170 170
1087 1095 173 246
1087 1092 255 272
1087 1092 307 311
1087 1099 456 468
1087 1139 478 497
1087 1099 538 573
1087 1144 579 586
1087 1111 599 606
1087 1096 1153 1189
1087 1096 1214 1221
1089 1094 678 688
1089 1094 701 702
1089 1100 711 716
1089 1100 718 718
1089 1100 738 740
1089 1100 754 763
1093 1095 255 266
1093 1095 273 306
1093 1109 312 320
1093 1109 322 326
1093 1109 331 342
1095 1101 607 629
1095 1100 641 641
1095 1100 675 677
1095 1100 689 700
1095 1100 703 705
1096 1097 135 138
1096 1104 156 169
1096 1104 171 172
1096 1108 247 254
1096 1108 267 272
1096 1108 286 306
1097 1100 1108 1109
1097 1100 1126 1128
1097 1100 1138 1152
1097 1103 1190 1213
1097 1110 1241 1258
1098 1104 63 134
1100 1119 469 474
1100 1139 538 550
1100 1144 574 578
1100 1122 1399 1474
1101 1101 633 640
1101 1101 642 674
1101 1101 678 688
1101 1101 701 702
1101 1101 706 710
1101 1101 717 717
1101 1101 719 737
1101 1101 741 753
1101 1101 764 774
1101 1126 777 783
1101 1130 979 1009
1101 1103 1014 1029
1101 1101 1034 1039
1101 1101 1050 1052
1101 1103 1055 1076
1101 1118 1090 1107
1101 1118 1110 1125
1101 1118 1129 1137
1101 1103 1153 1160
1102 1111 607 619
1102 1111 630 632
1102 1111 641 641
1102 1111 675 677
1102 1111 689 700
1102 1104 703 705
1102 1104 711 716
1102 1104 718 718
1102 1104 738 740
1102 1104 754 763
1102 1104 771 774
1102 1106 886 914
1102 1106 964 978
1102 1103 1034 1036
1102 1103 1040 1049
1102 1103 1053 1054
1104 1130 1030 1033
1104 1130 1037 1039
1104 1130 1050 1052
1104 1118 1077 1089
1104 1118 1141 1152
1104 1134 1161 1189
1104 1134 1214 1216
1105 1118 22 37
1105 1108 135 155
1105 1108 170 170
1105 1108 173 188
1105 1111 701 702
1105 1111 706 710
1105 1111 717 717
1105 1111 719 737
1105 1111 741 753
1105 1126 764 770
1105 1126 775 776
1107 1131 886 889
1107 1131 915 963
1107 1131 966 978
1109 1118 135 136
1109 1118 156 169
1109 1118 171 172
1109 1120 189 246
1109 1120 255 266
1109 1120 273 285
1109 1120 288 306
1110 1125 321 321
1110 1119 327 330
1110 1119 343 347
1110 1119 349 387
1111 1134 1231 1240
1111 1128 1259 1265
1111 1128 1283 1334
1111 1122 1347 1358
1111 1122 1382 1391
1112 1128 599 601
1112 1128 620 629
1112 1128 633 640
1112 1117 642 674
1112 1117 678 688
1112 1117 703 705
1112 1117 711 716
1112 1126 718 718
1112 1126 738 740
1112 1126 753 753
1118 1128 675 677
1118 1128 689 702
1118 1126 706 710
1118 1126 717 717
1119 1127 38 134
1119 1127 137 155
1119 1120 170 170
1119 1130 1108 1109
1119 1130 1126 1128
1119 1130 1138 1140
1120 1132 331 342
1120 1132 348 348
1120 1121 393 397
1120 1121 425 468
1120 1139 475 477
1121 1125 171 188
1121 1125 247 254
1121 1125 267 272
1121 1125 286 287
1121 1125 307 320
1122 1132 359 392
1122 1132 398 424
1122 1139 435 468
1123 1123 1359 1381
1123 1123 1392 1398
1123 1123 1475 1485
1124 1128 1335 1358
1124 1128 1382 1391
1124 1153 1399 1474
1126 1127 189 246
1126 1150 255 266
1126 1132 273 285
1126 1132 288 306
1127 1128 703 705
1127 1128 711 716
1127 1128 719 737
1127 1137 741 752
1127 1137 754 763
1127 1131 771 774
1127 1131 784 786
1127 1131 817 850
1128 1159 38 132
1128 1159 135 136
1128 1159 156 188
1128 1159 209 246
1129 1144 587 598
1129 1151 602 619
1129 1151 630 632
1129 1150 641 674
1129 1150 678 688
1129 1150 706 710
1129 1150 717 718
1129 1134 1241 1258
1129 1134 1266 1282
1129 1153 1359 1381
1131 1131 979 1004
1131 1131 1010 1029
1131 1140 1034 1036
1131 1140 1040 1049
1131 1139 1053 1107
1131 1139 1110 1125
1131 1139 1129 1137
1131 1139 1141 1155
1132 1137 764 770
1132 1137 775 783
1132 1137 787 816
1132 1137 851 869
1132 1139 879 885
1132 1139 890 951
1132 1139 964 965
1132 1139 1005 1009
1132 1139 1028 1029
1133 1150 286 287
1133 1150 307 330
1133 1150 343 347
1133 1150 349 358
1133 1150 393 397
1133 1139 424 424
1135 1139 1161 1180
1135 1139 1190 1213
1135 1139 1217 1230
1135 1147 1259 1265
1135 1153 1283 1331
1138 1157 719 740
1138 1157 753 753
1138 1157 771 774
1138 1157 784 786
1138 1175 817 850
1140 1155 409 423
1140 1155 425 434
1140 1144 469 474
1140 1144 498 537
1140 1144 551 559
1140 1160 886 889
1140 1160 952 963
1140 1140 966 1004
1140 1140 1010 1027
1140 1140 1053 1098
1140 1140 1108 1109
1140 1140 1126 1128
1140 1159 1138 1140
1140 1164 1156 1160
1140 1164 1181 1189
1140 1147 1214 1216
1140 1147 1231 1249
1141 1160 966 982
1141 1160 1005 1009
1141 1176 1028 1033
1141 1174 1037 1039
1141 1174 1050 1052
1141 1159 1099 1107
1141 1159 1110 1125
1141 1159 1129 1133
1145 1155 444 468
1145 1215 475 497
1145 1151 538 550
1145 1151 560 573
1145 1151 595 598
1148 1156 1203 1213
1148 1156 1217 1230
1148 1156 1250 1258
1148 1156 1266 1278
1151 1162 247 254
1151 1162 267 285
1151 1162 288 306
1151 1181 331 342
1151 1181 348 348
1151 1181 359 392
1151 1151 641 641
1151 1151 675 677
1151 1161 689 705
1151 1162 711 716
1151 1157 718 718
1152 1156 551 559
1152 1156 574 594
1152 1161 599 601
1152 1161 620 629
1152 1161 633 640
1152 1158 642 674
1152 1161 678 688
1154 1156 1283 1323
1154 1167 1332 1358
1154 1167 1382 1398
1154 1167 1400 1474
1156 1188 393 408
1156 1188 424 424
1156 1192 435 443
1157 1162 503 550
1157 1161 560 573
1157 1161 579 594
1157 1164 1203 1207
1157 1164 1214 1216
1157 1171 1231 1249
1157 1186 1259 1265
1157 1167 1279 1282
1157 1167 1284 1323
1158 1158 717 717
1158 1162 741 752
1158 1162 754 770
1158 1175 775 783
1158 1175 787 792
1159 1161 641 641
1159 1161 664 674
1159 1162 718 739
1160 1180 38 91
1160 1180 133 134
1160 1171 137 155
1160 1162 189 208
1160 1162 243 246
1160 1174 1070 1098
1160 1172 1108 1109
1160 1172 1126 1128
1160 1172 1134 1137
1160 1172 1141 1145
1161 1194 856 885
1161 1177 890 951
1161 1177 964 965
1161 1177 983 1004
1161 1177 1007 1009
1162 1162 553 559
1162 1162 574 578
1162 1162 595 598
1162 1162 602 619
1162 1162 630 632
1162 1162 642 663
1162 1162 675 677
1162 1162 704 705
1163 1171 156 188
1163 1171 209 242
1163 1171 255 266
1163 1184 286 287
1163 1191 503 546
1163 1191 551 552
1163 1191 560 573
1163 1196 579 594
1163 1165 599 601
1163 1165 620 629
1163 1165 633 641
1163 1165 664 674
1163 1176 678 682
1163 1176 698 703
1163 1176 706 710
1163 1176 717 717
1163 1176 740 740
1163 1176 753 753
1163 1175 759 770
1165 1172 1150 1155
1165 1171 1161 1180
1165 1171 1190 1202
1165 1171 1208 1213
1165 1171 1217 1225
1166 1187 602 619
1166 1177 630 632
1166 1176 642 663
1168 1186 1271 1278
1168 1186 1283 1283
1168 1170 1324 1331
1168 1170 1359 1381
1168 1170 1399 1399
1168 1250 1422 1474
1171 1186 1324 1327
1171 1186 1332 1358
1171 1243 1382 1398
1171 1243 1400 1403
1172 1180 135 136
1172 1184 189 208
1172 1184 243 254
1172 1184 267 285
1172 1172 1161 1167
1172 1172 1181 1189
1172 1172 1203 1207
1172 1172 1214 1216
1172 1172 1226 1230
1172 1172 1244 1249
1173 1176 1110 1125
1173 1176 1129 1133
1173 1176 1138 1140
1173 1176 1146 1149
1173 1176 1156 1160
1173 1204 1168 1180
1173 1204 1190 1202
1173 1204 1208 1213
1173 1195 1217 1225
1173 1186 1231 1243
1173 1186 1250 1258
1175 1176 1034 1036
1175 1176 1040 1049
1175 1176 1053 1069
1175 1176 1099 1109
1176 1176 754 758
1176 1176 771 774
1176 1180 784 786
1176 1191 793 816
1176 1191 830 850
1177 1177 633 641
1177 1177 664 677
1177 1177 683 697
1177 1177 704 705
1177 1177 711 716
1177 1177 718 739
1177 1177 741 752
1177 1177 759 770
1177 1180 775 783
1177 1177 1010 1027
1177 1206 1037 1039
1177 1200 1050 1052
1177 1200 1070 1098
1177 1201 1126 1128
1177 1202 1134 1137
1177 1202 1141 1145
1177 1202 1150 1155
1178 1187 620 629
1178 1187 642 663
1178 1187 678 682
1178 1187 698 703
1178 1187 706 710
1178 1180 717 717
1178 1180 740 740
1178 1180 753 758
1178 1219 886 889
1178 1199 952 963
1178 1199 966 982
1178 1206 1005 1006
1178 1206 1028 1036
1181 1235 92 132
1181 1184 137 188
1181 1187 711 716
1181 1187 718 739
1181 1187 741 752
1181 1194 759 774
1182 1192 306 330
1182 1192 343 347
1182 1188 349 358
1182 1188 382 392
1185 1210 209 242
1185 1209 255 266
1187 1195 1244 1249
1187 1195 1266 1270
1187 1195 1279 1282
1187 1195 1284 1323
1187 1195 1328 1331
1187 1195 1359 1381
1188 1196 630 641
1188 1222 664 677
1188 1235 683 697
1188 1205 704 705
1188 1205 717 717
1188 1194 740 740
1189 1192 349 353
1189 1192 359 381
1189 1192 409 423
1189 1192 425 429
1192 1215 498 502
1192 1196 547 550
1192 1196 553 559
1192 1194 775 792
1192 1194 817 829
1193 1209 306 318
1193 1226 331 342
1193 1226 348 348
1193 1198 354 358
1193 1194 382 408
1193 1194 424 424
1193 1194 430 434
1193 1194 444 469
1195 1198 380 381
1195 1198 409 423
1195 1199 425 429
1195 1199 435 443
1195 1215 456 469
1195 1205 731 739
1195 1205 741 758
1195 1223 793 816
1195 1259 830 855
1195 1219 882 885
1196 1215 1217 1217
1196 1215 1226 1243
1196 1196 1250 1265
1196 1196 1271 1278
1196 1196 1283 1283
1196 1196 1324 1327
1196 1224 1332 1358
1196 1243 1369 1381
1197 1215 512 546
1197 1215 551 552
1197 1220 560 578
1197 1222 595 629
1197 1222 642 662
1197 1219 1266 1270
1197 1219 1279 1282
1197 1210 1284 1323
1197 1210 1326 1327
1199 1226 349 353
1199 1199 359 379
1199 1199 382 408
1199 1199 424 424
1200 1226 359 362
1200 1226 380 381
1200 1215 409 423
1200 1215 430 434
1200 1215 439 443
1200 1219 924 951
1200 1215 964 965
1200 1215 983 999
1201 1201 1053 1069
1201 1201 1099 1125
1202 1202 1070 1098
1203 1206 1070 1084
1203 1206 1099 1133
1203 1204 1138 1140
1203 1204 1146 1149
1203 1204 1156 1160
1205 1206 1141 1145
1205 1206 1150 1155
1205 1210 1161 1167
1205 1215 1181 1189
1205 1215 1203 1207
1206 1235 701 703
1206 1235 706 716
1206 1235 718 730
1206 1239 740 740
1206 1223 759 776
1207 1215 1007 1027
1207 1216 1040 1069
1207 1216 1085 1098
1207 1210 1134 1140
1207 1210 1146 1149
1210 1242 267 305
1210 1242 319 330
1211 1235 152 208
1211 1235 228 242
1211 1215 1134 1136
1211 1215 1141 1145
1211 1215 1150 1160
1211 1215 1168 1180
1211 1219 1284 1287
1211 1224 1324 1325
1211 1224 1328 1331
1216 1268 424 429
1216 1268 435 438
1216 1220 444 455
1216 1220 470 474
1216 1220 503 511
1216 1220 547 550
1216 1220 553 559
1216 1219 966 982
1216 1216 1000 1006
1216 1216 1028 1039
1216 1216 1099 1133
1216 1256 1137 1140
1216 1219 1146 1149
1216 1219 1161 1167
1216 1219 1190 1202
1216 1219 1208 1216
1216 1219 1218 1225
1216 1219 1244 1249
1217 1217 983 999
1217 1217 1007 1027
1217 1227 1070 1084
1218 1219 983 990
1218 1219 1000 1006
1218 1227 1028 1066
1220 1236 864 881
1220 1236 890 923
1220 1236 952 965
1220 1227 991 999
1220 1227 1007 1014
1220 1243 1144 1145
1220 1243 1150 1160
1220 1243 1168 1189
1220 1232 1203 1207
1220 1232 1217 1217
1220 1232 1226 1243
1220 1232 1250 1265
1220 1232 1271 1278
1220 1224 1283 1283
1220 1224 1288 1294
1221 1268 456 469
1221 1250 475 502
1221 1250 512 546
1221 1238 551 552
1221 1235 579 594
1223 1235 595 605
1223 1235 630 641
1223 1235 663 663
1223 1235 678 681
1224 1239 741 758
1224 1259 777 792
1225 1243 1284 1287
1225 1243 1295 1323
1225 1243 1326 1327
1227 1242 331 341
1227 1242 343 347
1227 1236 354 358
1227 1236 363 379
1227 1236 382 417
1228 1236 980 990
1228 1236 1000 1006
1228 1260 1015 1027
1228 1260 1067 1069
1228 1256 1085 1130
1233 1235 1208 1216
1233 1235 1218 1225
1233 1235 1244 1249
1233 1246 1266 1270
1236 1278 133 151
1236 1275 209 227
1236 1237 578 578
1236 1237 606 629
1236 1237 642 662
1236 1237 664 677
1236 1237 682 682
1236 1237 698 700
1236 1239 704 705
1236 1239 717 717
1236 1239 729 730
1236 1243 1190 1207
1236 1243 1217 1217
1236 1246 1226 1243
1236 1246 1250 1265
1237 1242 348 353
1237 1242 359 362
1237 1268 380 381
1237 1268 418 423
1237 1259 856 863
1237 1259 882 889
1237 1257 924 951
1237 1282 966 979
1237 1282 991 999
1238 1238 553 577
1238 1238 579 605
1238 1238 630 641
1238 1238 663 663
1238 1238 678 681
1238 1238 683 697
1238 1239 701 703
1239 1250 547 550
1239 1272 578 578
1239 1272 606 629
1239 1245 642 662
1239 1245 664 677
1239 1239 682 682
1240 1245 678 681
1240 1245 683 700
1240 1255 706 716
1240 1255 718 728
1240 1255 731 739
1240 1255 754 758
1243 1243 267 301
1243 1243 306 318
1243 1243 342 342
1243 1268 354 358
1243 1268 363 377
1244 1275 302 305
1244 1268 319 341
1244 1254 1146 1149
1244 1254 1161 1167
1244 1254 1208 1216
1244 1256 1218 1219
1244 1246 1271 1283
1244 1246 1288 1294
1244 1246 1324 1325
1244 1246 1328 1368
1244 1250 1399 1399
1244 1250 1404 1421
1246 1272 630 641
1246 1275 663 663
1246 1266 682 682
1246 1255 701 705
1247 1256 1226 1231
1247 1254 1244 1249
1247 1254 1284 1287
1247 1254 1295 1323
1247 1254 1326 1327
1247 1252 1369 1382
1251 1324 52 127
1251 1307 503 511
1251 1252 1400 1403
1253 1254 1383 1399
1253 1258 1404 1444
1255 1256 1141 1145
1255 1256 1150 1160
1255 1256 1168 1207
1255 1261 1244 1245
1255 1261 1250 1283
1255 1261 1288 1294
1255 1258 1324 1325
1255 1258 1328 1382
1255 1258 1397 1399
1256 1266 717 717
1256 1261 729 730
1256 1261 740 753
1256 1259 759 776
1257 1281 1084 1084
1257 1281 1131 1136
1257 1261 1146 1149
1257 1261 1161 1167
1257 1261 1208 1217
1257 1261 1220 1225
1257 1261 1232 1234
1258 1259 890 923
1258 1282 952 965
1259 1263 1315 1323
1259 1263 1326 1327
1259 1269 1383 1396
1259 1263 1400 1403
1259 1288 1445 1465
1260 1261 759 766
1260 1261 793 829
1260 1261 864 881
1260 1289 918 923
1261 1281 1005 1014
1261 1281 1028 1066
1261 1281 1070 1080
1262 1266 729 729
1262 1266 731 739
1262 1266 754 758
1262 1266 767 792
1262 1266 830 863
1262 1270 881 881
1262 1281 1138 1145
1262 1281 1150 1160
1262 1286 1168 1207
1262 1271 1218 1219
1262 1271 1226 1231
1262 1271 1235 1243
1262 1263 1246 1249
1262 1263 1284 1287
1262 1263 1289 1294
1264 1269 1250 1283
1264 1269 1288 1288
1264 1269 1295 1314
1264 1269 1324 1325
1264 1269 1328 1343
1264 1269 1397 1399
1264 1269 1404 1419
1267 1275 683 716
1267 1275 718 728
1267 1275 730 730
1267 1270 740 753
1267 1270 759 766
1267 1270 793 829
1267 1270 833 863
1269 1275 342 353
1269 1272 359 362
1269 1272 378 379
1269 1272 382 417
1269 1272 430 434
1269 1282 439 455
1270 1271 1250 1270
1270 1271 1284 1287
1270 1271 1289 1294
1270 1271 1315 1323
1270 1271 1326 1327
1270 1271 1344 1382
1270 1283 1400 1403
1270 1283 1420 1421
1271 1275 731 739
1271 1275 754 758
1271 1275 767 792
1271 1276 830 832
1271 1276 864 880
1272 1286 1220 1225
1272 1286 1232 1234
1272 1286 1244 1249
1272 1286 1271 1283
1272 1293 1288 1288
1272 1288 1295 1314
1272 1288 1324 1325
1272 1288 1328 1343
1272 1283 1369 1382
1273 1275 363 377
1273 1282 380 381
1273 1282 418 429
1273 1307 512 577
1273 1311 579 605
1273 1275 642 662
1276 1324 209 223
1276 1319 228 301
1276 1295 306 341
1276 1295 354 362
1276 1282 375 377
1276 1311 627 641
1276 1301 664 682
1276 1301 717 717
1276 1308 729 729
1276 1276 740 753
1276 1276 759 766
1276 1276 778 792
1277 1308 738 739
1277 1293 754 758
1277 1293 767 777
1277 1293 793 829
1277 1293 833 863
1277 1293 881 888
1279 1324 152 208
1282 1282 1005 1007
1282 1282 1015 1027
1282 1303 1067 1069
1282 1303 1081 1083
1282 1303 1085 1130
1282 1286 1137 1137
1282 1286 1146 1149
1282 1286 1159 1160
1283 1295 374 374
1283 1295 378 379
1283 1308 382 417
1283 1308 430 438
1283 1308 450 455
1283 1289 980 990
1283 1295 1000 1004
1283 1295 1008 1014
1284 1288 1359 1368
1284 1288 1383 1399
1284 1288 1404 1419
1284 1334 1422 1434
1287 1295 1138 1145
1287 1295 1150 1158
1287 1295 1161 1167
1287 1295 1208 1219
1287 1295 1226 1231
1287 1295 1235 1243
1287 1295 1250 1270
1287 1293 1284 1287
1289 1293 1295 1301
1289 1293 1315 1323
1289 1293 1326 1327
1289 1293 1344 1358
1289 1296 1369 1382
1289 1321 1400 1403
1289 1334 1412 1419
1289 1334 1445 1452
1289 1439 1466 1487
1290 1295 918 920
1290 1295 924 979
1290 1295 991 996
1294 1308 751 753
1294 1308 759 766
1294 1308 778 792
1294 1301 830 832
1294 1295 864 880
1294 1295 889 901
1294 1295 1282 1283
1294 1295 1289 1294
1294 1296 1302 1314
1294 1296 1324 1325
1294 1296 1328 1343
1294 1296 1358 1358
1296 1319 303 305
1296 1319 342 353
1296 1319 363 373
1296 1319 375 377
1296 1319 379 379
1296 1296 881 888
1296 1296 902 917
1296 1296 921 923
1296 1303 980 990
1296 1303 997 999
1296 1303 1005 1007
1296 1310 1138 1143
1296 1332 1146 1149
1296 1315 1159 1160
1296 1315 1168 1207
1296 1307 1220 1225
1296 1307 1232 1234
1296 1296 1244 1249
1296 1296 1271 1281
1296 1296 1284 1288
1297 1301 858 880
1297 1310 889 901
1297 1310 918 920
1297 1310 924 933
1297 1307 1244 1244
1297 1298 1250 1270
1297 1298 1282 1283
1297 1298 1289 1301
1297 1298 1315 1323
1297 1298 1326 1327
1297 1304 1344 1357
1297 1304 1359 1368
1297 1304 1383 1395
1299 1307 1250 1264
1299 1307 1271 1281
1299 1322 1284 1288
1299 1322 1302 1314
1299 1304 1324 1325
1299 1304 1328 1340
1302 1311 642 663
1302 1309 683 716
1302 1323 794 829
1302 1310 833 857
1302 1310 870 880
1304 1310 991 996
1304 1313 1000 1004
1304 1313 1008 1066
1304 1310 1070 1080
1304 1310 1084 1084
1305 1322 1326 1327
1305 1321 1341 1343
1305 1321 1358 1358
1305 1321 1369 1382
1305 1321 1396 1399
1308 1311 578 578
1308 1315 1208 1219
1308 1322 1226 1231
1308 1327 1235 1243
1308 1322 1245 1249
1308 1322 1265 1270
1308 1322 1282 1283
1309 1319 382 398
1309 1333 418 429
1309 1345 439 449
1309 1333 456 549
1309 1309 717 728
1309 1309 730 737
1309 1313 740 750
1309 1313 754 758
1309 1326 767 777
1310 1311 664 682
1310 1313 729 729
1310 1313 738 739
1311 1323 833 844
1311 1323 858 869
1311 1313 881 888
1311 1313 902 917
1311 1313 921 923
1311 1313 934 990
1311 1313 996 996
1311 1357 1081 1083
1311 1332 1085 1137
1311 1332 1144 1145
1312 1317 606 626
1312 1313 683 728
1314 1337 730 737
1314 1337 751 753
1314 1323 872 880
1314 1323 889 901
1314 1323 918 920
1314 1323 924 933
1314 1336 991 995
1314 1336 997 999
1314 1368 1005 1007
1314 1357 1023 1066
1316 1332 1150 1158
1316 1332 1161 1167
1316 1322 1220 1225
1318 1344 590 605
1318 1344 627 665
1320 1350 228 251
1320 1323 302 302
1320 1323 306 341
1320 1332 354 362
1320 1332 374 374
1320 1332 378 378
1320 1332 380 381
1320 1333 399 402
1322 1322 1328 1340
1322 1322 1344 1357
1322 1322 1359 1368
1322 1330 1383 1395
1323 1327 1168 1219
1323 1327 1244 1244
1323 1327 1250 1264
1323 1330 1271 1281
1323 1330 1289 1301
1323 1330 1315 1325
1323 1330 1341 1343
1323 1330 1358 1358
1323 1330 1369 1382
1324 1351 273 301
1324 1351 303 305
1324 1332 342 348
1324 1326 794 808
1324 1335 830 832
1324 1335 845 857
1324 1335 870 871
1324 1335 881 888
1324 1335 902 917
1324 1386 921 923
1324 1336 934 959
1325 1329 52 73
1325 1329 128 151
1325 1350 224 224
1327 1337 754 766
1327 1335 778 793
1327 1335 809 829
1328 1332 1168 1184
1328 1332 1220 1234
1328 1330 1245 1249
1328 1330 1261 1264
1330 1401 52 72
1330 1350 74 127
1330 1350 149 151
1331 1337 1245 1245
1331 1337 1250 1260
1331 1337 1265 1270
1331 1337 1282 1288
1331 1339 1302 1314
1331 1334 1326 1340
1331 1334 1344 1357
1331 1334 1359 1368
1331 1334 1396 1396
1333 1351 306 341
1333 1351 349 353
1333 1339 363 373
1333 1339 375 377
1333 1339 379 379
1333 1357 1084 1084
1333 1337 1138 1143
1333 1337 1159 1160
1333 1337 1185 1219
1334 1339 395 398
1334 1339 403 417
1334 1345 430 432
1334 1345 456 508
1334 1345 546 549
1335 1339 1315 1325
1335 1339 1341 1343
1335 1339 1358 1358
1335 1339 1369 1395
1335 1345 1397 1411
1335 1345 1420 1421
1335 1364 1435 1444
1335 1439 1453 1465
1336 1337 767 777
1336 1337 794 808
1336 1337 833 844
1336 1337 858 869
1336 1337 872 880
1336 1369 889 901
1337 1350 927 933
1337 1350 960 990
1337 1350 996 996
1337 1368 1000 1002
1338 1341 738 750
1338 1342 778 793
1338 1342 809 832
1338 1352 845 857
1338 1352 870 871
1338 1346 1144 1158
1338 1346 1161 1184
1338 1376 1220 1244
1338 1339 1246 1249
1338 1339 1261 1264
1338 1339 1271 1281
1340 1351 354 362
1340 1350 374 374
1340 1350 378 378
1340 1345 380 394
1340 1345 399 402
1340 1345 418 429
1340 1347 1250 1260
1340 1347 1265 1270
1340 1345 1282 1301
1340 1345 1326 1340
1340 1345 1344 1357
1340 1345 1359 1368
1340 1345 1396 1396
1342 1342 672 737
1342 1342 748 750
1343 1344 672 681
1343 1344 738 747
1343 1351 751 777
1343 1352 794 808
1345 1345 606 626
1345 1351 666 671
1345 1351 682 737
1345 1351 741 747
1346 1350 395 398
1346 1350 403 417
1346 1350 433 438
1346 1361 450 464
1346 1361 509 545
1346 1361 550 605
1346 1373 616 626
1346 1347 1271 1281
1346 1347 1302 1325
1346 1364 1341 1343
1346 1364 1358 1358
1346 1364 1369 1395
1346 1364 1412 1419
1347 1353 1134 1143
1347 1353 1159 1160
1347 1376 1185 1209
1348 1372 1261 1264
1348 1372 1282 1301
1351 1400 74 114
1351 1400 128 148
1351 1361 152 223
1351 1351 225 227
1351 1351 252 265
1351 1351 363 373
1351 1377 375 377
1351 1377 379 394
1351 1377 399 402
1351 1384 418 432
1351 1386 924 926
1351 1386 934 959
1351 1368 991 995
1351 1368 997 999
1352 1361 224 224
1352 1401 228 251
1352 1395 266 272
1352 1393 302 302
1352 1377 342 348
1352 1377 374 374
1352 1373 627 665
1352 1373 672 681
1352 1352 738 740
1352 1352 748 750
1353 1492 741 747
1353 1369 751 793
1353 1369 809 844
1353 1369 858 869
1353 1369 872 888
1354 1357 1085 1133
1354 1357 1144 1158
1358 1368 1008 1022
1358 1411 1067 1080
1358 1376 1134 1143
1362 1426 225 227
1362 1384 440 449
1362 1384 465 508
1362 1384 546 549
1362 1392 591 605
1365 1372 1302 1340
1365 1372 1344 1357
1365 1372 1359 1368
1365 1403 1396 1411
1365 1403 1420 1434
1365 1439 1445 1452
1369 1389 996 996
1369 1389 1003 1004
1369 1411 1023 1066
1370 1452 794 808
1370 1386 845 857
1370 1386 870 871
1373 1380 1245 1260
1373 1420 1265 1281
1373 1444 1341 1343
1373 1414 1358 1358
1373 1403 1369 1395
1374 1392 606 615
1374 1392 666 671
1377 1380 1085 1133
1377 1380 1144 1184
1377 1380 1210 1219
1377 1380 1236 1244
1378 1393 349 373
1378 1395 378 378
1378 1395 395 398
1378 1384 403 417
1381 1452 1085 1096
1381 1420 1134 1143
1381 1394 1185 1209
1381 1420 1220 1235
1381 1420 1248 1260
1385 1395 399 402
1385 1409 433 439
1385 1396 450 464
1385 1396 509 545
1387 1399 858 869
1387 1389 872 920
1387 1389 927 933
1387 1389 960 995
1390 1399 921 926
1390 1399 934 959
1390 1487 997 1002
1390 1411 1005 1022
1393 1396 583 590
1393 1408 616 665
1393 1408 672 733
1394 1395 303 348
1394 1395 374 377
1395 1420 1144 1184
1395 1420 1210 1219
1396 1401 252 265
1396 1401 273 302
1396 1401 349 373
1396 1401 379 394
1397 1409 445 449
1397 1409 465 508
1397 1408 546 582
1397 1408 591 595
1400 1452 809 857
1400 1447 870 920
1400 1440 927 933
1401 1401 115 127
1401 1426 149 224
1402 1480 73 114
1402 1426 228 246
1402 1477 266 272
1402 1446 303 348
1402 1433 374 378
1402 1409 395 397
1404 1414 1412 1419
1404 1439 1435 1444
1409 1420 546 553
1409 1420 583 590
1409 1420 596 615
1409 1420 666 671
1409 1420 705 733
1410 1433 398 432
1410 1433 440 444
1410 1420 450 464
1410 1420 509 545
1415 1444 1344 1357
1415 1434 1359 1411
1421 1437 450 455
1421 1421 465 508
1421 1421 554 582
1421 1421 590 590
1421 1421 596 606
1421 1484 616 665
1421 1468 672 704
1421 1492 734 740
1421 1452 1118 1133
1421 1452 1185 1209
1421 1456 1236 1247
1421 1496 1261 1264
1421 1449 1269 1281
1422 1437 509 553
1422 1437 583 589
1422 1472 591 595
1422 1484 607 615
1427 1480 115 148
1427 1477 247 265
1434 1477 379 397
1434 1484 433 439
1434 1437 445 449
1435 1439 1412 1434
1438 1484 440 444
1438 1472 456 508
1438 1472 554 582
1438 1472 590 590
1441 1447 921 926
1441 1487 934 996
1445 1449 1282 1340
1447 1477 349 378
1448 1452 858 869
1448 1487 927 933
1450 1496 1265 1268
1453 1456 1097 1117
1453 1456 1134 1184
1453 1456 1210 1235
1457 1496 1118 1133
1457 1478 1185 1209
1469 1472 583 589
1469 1484 666 671
1469 1492 705 733
1473 1484 445 455
1473 1496 509 553
1475 1477 273 348
1479 1496 1210 1260
1485 1496 456 508
1485 1496 554 606
1485 1492 672 704
1497 1497 1134 1209
